link_lib_batch.sh START
batchinit START
batchinit version 7.0.3(7) obuild@tplinux64:ofsrc7/batch(#1) 2018-09-17 14:35:03
Initialize OpenFrame Batch Tables

Creating OFM_BATCH_JESQST...
 > "OFM_BATCH_JESQST" created...
Creating OFM_BATCH_NODEST...
 > "OFM_BATCH_NODEST" created...
Creating OFM_BATCH_NODEST_PK...
 > "OFM_BATCH_NODEST_PK" created...
Creating OFM_BATCH_JCLSST...
 > "OFM_BATCH_JCLSST" created...
Creating OFM_BATCH_JCLSST_PK...
 > "OFM_BATCH_JCLSST_PK" created...
Creating OFM_BATCH_JOBGST...
 > "OFM_BATCH_JOBGST" created...
Creating OFM_BATCH_JOBGST_PK...
 > "OFM_BATCH_JOBGST_PK" created...
Creating OFM_BATCH_JOBQ...
 > "OFM_BATCH_JOBQ" created...
Creating OFM_BATCH_JOBQ_PK...
 > "OFM_BATCH_JOBQ_PK" created...
Creating OFM_BATCH_JOBQ_IDX1...
 > "OFM_BATCH_JOBQ_IDX1" created...
Creating OFM_BATCH_JOBQ_IDX2...
 > "OFM_BATCH_JOBQ_IDX2" created...
Creating OFM_BATCH_JOBQ_IDX3...
 > "OFM_BATCH_JOBQ_IDX3" created...
Creating OFM_BATCH_OUTPUTQ...
 > "OFM_BATCH_OUTPUTQ" created...
Creating OFM_BATCH_OUTPUTQ_PK...
 > "OFM_BATCH_OUTPUTQ_PK" created...
Creating OFM_BATCH_OUTPUTQ_IDX1...
 > "OFM_BATCH_OUTPUTQ_IDX1" created...
Creating OFM_BATCH_OUTPUTQ_IDX2...
 > "OFM_BATCH_OUTPUTQ_IDX2" created...
Creating OFM_BATCH_WAITINFO...
 > "OFM_BATCH_WAITINFO" created...
Creating OFM_BATCH_STEPINFO...
 > "OFM_BATCH_STEPINFO" created...
Creating OFM_BATCH_STEPINFO_PK...
 > "OFM_BATCH_STEPINFO_PK" created...
Creating OFM_BATCH_IOREPORT...
 > "OFM_BATCH_IOREPORT" created...
Creating OFM_BATCH_IOREPORT_PK...
 > "OFM_BATCH_IOREPORT_PK" created...
Creating OFM_BATCH_RESUSAGE...
 > "OFM_BATCH_RESUSAGE" created...
Creating OFM_BATCH_SPOOLID...
 > "OFM_BATCH_SPOOLID" created...
Creating OFM_BATCH_STEPRPT...
 > "OFM_BATCH_STEPRPT" created...
Creating OFM_BATCH_STEPRPT_PK...
 > "OFM_BATCH_STEPRPT_PK" created...
Creating OFM_BATCH_DDLIST...
 > "OFM_BATCH_DDLIST" created...
Creating OFM_BATCH_DDLIST_PK...
 > "OFM_BATCH_DDLIST_PK" created...

create_jcllib.sh START
pdsgen version 7.0.3(1) obuild@tplinux64:ofsrc7/base(#1) 2018-09-17 12:26:40
PDS Dataset Generation Program

pdsgen: *** PDS SYS1.JCLLIB is created.

create_proclib.sh START
pdsgen version 7.0.3(1) obuild@tplinux64:ofsrc7/base(#1) 2018-09-17 12:26:40
PDS Dataset Generation Program

pdsgen: *** PDS SYS1.PROCLIB is created.

create_userlib.sh START
pdsgen version 7.0.3(1) obuild@tplinux64:ofsrc7/base(#1) 2018-09-17 12:26:40
PDS Dataset Generation Program

pdsgen: *** PDS SYS1.USERLIB is created.

create_templib.sh START
pdsgen version 7.0.3(1) obuild@tplinux64:ofsrc7/base(#1) 2018-09-17 12:26:40
PDS Dataset Generation Program

pdsgen: *** PDS SYS1.TEMPLIB is created.

link_lib_batch.sh START
batch_init.sh START
Do you want to execute tjesinit? [Y/N] : tjesinit is finished
pdsgen version 7.0.3(1) obuild@tplinux64:ofsrc7/base(#1) 2018-09-17 12:26:40
PDS Dataset Generation Program

pdsgen: *** PDS SYS1.TSOMAP is created.

pdsgen version 7.0.3(1) obuild@tplinux64:ofsrc7/base(#1) 2018-09-17 12:26:40
PDS Dataset Generation Program

pdsgen: *** PDS SYS1.TSOLIB is created.

tsomapgen 7.0.3(0) obuild@tplinux64:ofsrc7/batch(#1) 2018-09-17 14:35:03
[INIT] parsing starts!!
[INIT] parsing ended!!
Compiled map version is [3].
[/opt/tmaxapp/OpenFrame/volume_default/SYS1.TSOMAP/INIT.map] create ok.
tsomapgen 7.0.3(0) obuild@tplinux64:ofsrc7/batch(#1) 2018-09-17 14:35:03
[LOGIN] parsing starts!!
[LOGIN] parsing ended!!
Compiled map version is [3].
[/opt/tmaxapp/OpenFrame/volume_default/SYS1.TSOMAP/LOGIN.map] create ok.
tsomapgen 7.0.3(0) obuild@tplinux64:ofsrc7/batch(#1) 2018-09-17 14:35:03
[LOGOFF] parsing starts!!
[LOGOFF] parsing ended!!
Compiled map version is [3].
[/opt/tmaxapp/OpenFrame/volume_default/SYS1.TSOMAP/LOGOFF.map] create ok.
tsomapgen 7.0.3(0) obuild@tplinux64:ofsrc7/batch(#1) 2018-09-17 14:35:03
[NEWPASS] parsing starts!!
[NEWPASS] parsing ended!!
Compiled map version is [3].
[/opt/tmaxapp/OpenFrame/volume_default/SYS1.TSOMAP/NEWPASS.map] create ok.
tsomapgen 7.0.3(0) obuild@tplinux64:ofsrc7/batch(#1) 2018-09-17 14:35:03
[FEXPMAP] parsing starts!!
[FEXPMAP] parsing ended!!
Compiled map version is [3].
[/opt/tmaxapp/OpenFrame/volume_default/SYS1.TSOMAP/FEXPMAP.map] create ok.
tsomapgen 7.0.3(0) obuild@tplinux64:ofsrc7/batch(#1) 2018-09-17 14:35:03
[FIMPMAP] parsing starts!!
[FIMPMAP] parsing ended!!
Compiled map version is [3].
[/opt/tmaxapp/OpenFrame/volume_default/SYS1.TSOMAP/FIMPMAP.map] create ok.
Successfully create VTAM DB Tables.

VTAM IP-LU mapping resource Information

=========================================================================================
CFL is done successfully for node(NODE1)
SVC tables are successfully generated 
GST is successfully done 
