link_lib_tacf.sh START
tacfinit START
tacfinit version 7.0.3(8) obuild@tplinux64:ofsrc7/tacf(#1) 2018-09-17 14:35:07
Initialize OpenFrame TACF Tables

Creating OFM_TACF_GROUP...
 > "OFM_TACF_GROUP" created...
Creating OFM_TACF_GROUP_PK...
 > "OFM_TACF_GROUP_PK" created...
Creating OFM_TACF_SUBGRPS...
 > "OFM_TACF_SUBGRPS" created...
Creating OFM_TACF_SUBGRPS_UNIQ...
 > "OFM_TACF_SUBGRPS_UNIQ" created...
Creating OFM_TACF_USER...
 > "OFM_TACF_USER" created...
Creating OFM_TACF_USER_PK...
 > "OFM_TACF_USER_PK" created...
Creating OFM_TACF_PASS_HISTORY...
 > "OFM_TACF_PASS_HISTORY" created...
Creating OFM_TACF_PASS_HISTORY_UNIQ...
 > "OFM_TACF_PASS_HISTORY_UNIQ" created...
Creating OFM_TACF_CONNECT...
 > "OFM_TACF_CONNECT" created...
Creating OFM_TACF_CONNECT_UNIQ...
 > "OFM_TACF_CONNECT_UNIQ" created...
Creating OFM_TACF_CONNECT_IDX1...
 > "OFM_TACF_CONNECT_IDX1" created...
Creating OFM_TACF_CLASS...
 > "OFM_TACF_CLASS" created...
Creating OFM_TACF_CLASS_PK...
 > "OFM_TACF_CLASS_PK" created...
Creating OFM_TACF_DATASET...
 > "OFM_TACF_DATASET" created...
Creating OFM_TACF_DATASET_UNIQ...
 > "OFM_TACF_DATASET_UNIQ" created...
Creating OFM_TACF_RESOURCE...
 > "OFM_TACF_RESOURCE" created...
Creating OFM_TACF_RESOURCE_UNIQ...
 > "OFM_TACF_RESOURCE_UNIQ" created...
Creating OFM_TACF_MEMBER...
 > "OFM_TACF_MEMBER" created...
Creating OFM_TACF_MEMBER_UNIQ...
 > "OFM_TACF_MEMBER_UNIQ" created...
Creating OFM_TACF_PERMIT...
 > "OFM_TACF_PERMIT" created...
Creating OFM_TACF_PERMIT_UNIQ...
 > "OFM_TACF_PERMIT_UNIQ" created...
Creating OFM_TACF_SEGMENT_CICS...
 > "OFM_TACF_SEGMENT_CICS" created...
Creating OFM_TACF_SEGMENT_CICS_PK...
 > "OFM_TACF_SEGMENT_CICS_PK" created...
Creating OFM_TACF_SEGMENT_OMVS...
 > "OFM_TACF_SEGMENT_OMVS" created...
Creating OFM_TACF_SEGMENT_OMVS_PK...
 > "OFM_TACF_SEGMENT_OMVS_PK" created...
Creating OFM_TACF_SEGMENT_TSO...
 > "OFM_TACF_SEGMENT_TSO" created...
Creating OFM_TACF_SEGMENT_TSO_PK...
 > "OFM_TACF_SEGMENT_TSO_PK" created...
Inserting SYS1 GROUP into OFM_TACF_GROUP...
 > "SYS1 GROUP" inserted...
Inserting ROOT USER into OFM_TACF_USER...
 > "ROOT USER" inserted...
Inserting SYS1/ROOT CONNECT into OFM_TACF_CONNECT...
 > "SYS1/ROOT CONNECT" inserted...
Inserting SURROGAT CLASS into OFM_TACF_CLASS...
 > "SURROGAT CLASS" inserted...
Inserting TERMINAL CLASS into OFM_TACF_CLASS...
 > "TERMINAL CLASS" inserted...
Inserting GTERMINL CLASS into OFM_TACF_CLASS...
 > "GTERMINL CLASS" inserted...
Inserting TCICSTRN CLASS into OFM_TACF_CLASS...
 > "TCICSTRN CLASS" inserted...
Inserting GCICSTRN CLASS into OFM_TACF_CLASS...
 > "GCICSTRN CLASS" inserted...
Inserting FCICSFCT CLASS into OFM_TACF_CLASS...
 > "FCICSFCT CLASS" inserted...
Inserting HCICSFCT CLASS into OFM_TACF_CLASS...
 > "HCICSFCT CLASS" inserted...
Inserting DCICSDCT CLASS into OFM_TACF_CLASS...
 > "DCICSDCT CLASS" inserted...
Inserting ECICSDCT CLASS into OFM_TACF_CLASS...
 > "ECICSDCT CLASS" inserted...
Inserting SCICSTST CLASS into OFM_TACF_CLASS...
 > "SCICSTST CLASS" inserted...
Inserting UCICSTST CLASS into OFM_TACF_CLASS...
 > "UCICSTST CLASS" inserted...
Inserting MCICSPPT CLASS into OFM_TACF_CLASS...
 > "MCICSPPT CLASS" inserted...
Inserting NCICSPPT CLASS into OFM_TACF_CLASS...
 > "NCICSPPT CLASS" inserted...
Inserting ACICSPCT CLASS into OFM_TACF_CLASS...
 > "ACICSPCT CLASS" inserted...
Inserting BCICSPCT CLASS into OFM_TACF_CLASS...
 > "BCICSPCT CLASS" inserted...
Inserting TJESMGR  CLASS into OFM_TACF_CLASS...
 > "TJESMGR  CLASS" inserted...
Inserting GTJESMGR CLASS into OFM_TACF_CLASS...
 > "GTJESMGR CLASS" inserted...
Inserting STUDIO   CLASS into OFM_TACF_CLASS...
 > "STUDIO   CLASS" inserted...
Inserting GSTUDIO  CLASS into OFM_TACF_CLASS...
 > "GSTUDIO  CLASS" inserted...
Inserting UTILITY  CLASS into OFM_TACF_CLASS...
 > "UTILITY  CLASS" inserted...
Inserting GUTILITY CLASS into OFM_TACF_CLASS...
 > "GUTILITY CLASS" inserted...
Inserting JESJOBS  CLASS into OFM_TACF_CLASS...
 > "JESJOBS  CLASS" inserted...
Inserting JESSPOOL CLASS into OFM_TACF_CLASS...
 > "JESSPOOL CLASS" inserted...
Inserting OFMANAGR CLASS into OFM_TACF_CLASS...
 > "OFMANAGR CLASS" inserted...
Inserting HIDBSEGM CLASS into OFM_TACF_CLASS...
 > "HIDBSEGM CLASS" inserted...
Inserting GHIDBSEG CLASS into OFM_TACF_CLASS...
 > "GHIDBSEG CLASS" inserted...
Inserting TIMS CLASS into OFM_TACF_CLASS...
 > "TIMS CLASS" inserted...
Inserting GIMS CLASS into OFM_TACF_CLASS...
 > "GIMS CLASS" inserted...
Inserting CIMS CLASS into OFM_TACF_CLASS...
 > "CIMS CLASS" inserted...
Inserting DIMS CLASS into OFM_TACF_CLASS...
 > "DIMS CLASS" inserted...
Inserting IIMS CLASS into OFM_TACF_CLASS...
 > "IIMS CLASS" inserted...
Inserting JIMS CLASS into OFM_TACF_CLASS...
 > "JIMS CLASS" inserted...
Inserting APPL CLASS into OFM_TACF_CLASS...
 > "APPL CLASS" inserted...
Inserting AIMS CLASS into OFM_TACF_CLASS...
 > "AIMS CLASS" inserted...
Inserting LIMS CLASS into OFM_TACF_CLASS...
 > "LIMS CLASS" inserted...
Inserting MIMS CLASS into OFM_TACF_CLASS...
 > "MIMS CLASS" inserted...
Inserting PIMS CLASS into OFM_TACF_CLASS...
 > "PIMS CLASS" inserted...
Inserting QIMS CLASS into OFM_TACF_CLASS...
 > "QIMS CLASS" inserted...
Inserting SIMS CLASS into OFM_TACF_CLASS...
 > "SIMS CLASS" inserted...
Inserting UIMS CLASS into OFM_TACF_CLASS...
 > "UIMS CLASS" inserted...
Inserting FIMS CLASS into OFM_TACF_CLASS...
 > "FIMS CLASS" inserted...
Inserting HIMS CLASS into OFM_TACF_CLASS...
 > "HIMS CLASS" inserted...
Inserting IMS CLASS into OFM_TACF_CLASS...
 > "IMS CLASS" inserted...
Inserting OIMS CLASS into OFM_TACF_CLASS...
 > "OIMS CLASS" inserted...
Inserting WIMS CLASS into OFM_TACF_CLASS...
 > "WIMS CLASS" inserted...
Inserting OFSTUDIO CLASS into OFM_TACF_CLASS...
 > "OFSTUDIO CLASS" inserted...

tacf_init.sh START
CFL is done successfully for node(NODE1)
SVC tables are successfully generated 
GST is successfully done 
