osc_link_lib.sh START
boot and tacflogin
Logged-in as [ROOT]
DEFINE.OSC.OIVP.SDLIB START
idcams version 7.0.3(3) obuild@tplinux64:ofsrc7/base(#1) 2018-09-17 12:26:40
Access Method Services for Catalogs

IDCAMS COMMAND=DEFINE,TYPE=CL,NAME=OSC.SDLIB.OSCOIVP1,RELATE=,CATALOG=
COMPLETED SUCCESSFULLY.
DEFINE.OSC.OIVP.TDQLIB START
idcams version 7.0.3(3) obuild@tplinux64:ofsrc7/base(#1) 2018-09-17 12:26:40
Access Method Services for Catalogs

IDCAMS COMMAND=DEFINE,TYPE=CL,NAME=OSC.TDQLIB.INTRA,RELATE=,CATALOG=
COMPLETED SUCCESSFULLY.
DEFINE.OSC.OIVP.TSQLIB START
idcams version 7.0.3(3) obuild@tplinux64:ofsrc7/base(#1) 2018-09-17 12:26:40
Access Method Services for Catalogs

IDCAMS COMMAND=DEFINE,TYPE=CL,NAME=OSC.TSQLIB.KEY,RELATE=,CATALOG=
COMPLETED SUCCESSFULLY.
idcams version 7.0.3(3) obuild@tplinux64:ofsrc7/base(#1) 2018-09-17 12:26:40
Access Method Services for Catalogs

IDCAMS COMMAND=DEFINE,TYPE=CL,NAME=OSC.TSQLIB.DATA,RELATE=,CATALOG=
COMPLETED SUCCESSFULLY.
DEFINE.OSC.OIVP.FILE START
idcams version 7.0.3(3) obuild@tplinux64:ofsrc7/base(#1) 2018-09-17 12:26:40
Access Method Services for Catalogs

IDCAMS COMMAND=DEFINE,TYPE=CL,NAME=OSC.OIVP.FILE,RELATE=,CATALOG=
COMPLETED SUCCESSFULLY.
Logged-in as [ROOT]
DEFINE.OSC.OIVP.SDLIB END
osc_build_appsvr.sh START
rm -f OSCOIVP1.o OSCOIVP1
cc   -c -o OSCOIVP1.o OSCOIVP1.c
cc  -L/opt/tmaxapp/OpenFrame/lib -lcicsappc -lcicsbms -lcicsbts -lcicscon -lcicsch -lcicsdlic -lcicsds -lcicsecpi -lcicsedf -lcicsenv -lcicsfc -lcicsjc -lcicsmc -lcicsncs -lcicsracf -lcicsremote -lcicsres -lcicsrtsd -lcicssc -lcicssp -lcicstc -lcicstdq -lcicsterm -lcicstsq -lcicseza -lcicscpt -loscspi -lcicsspi -lcpsmapi -lcicswebsvc -lodbc -lcics -lmemm -lspinlock -L/opt/tmaxdb/tibero6/client/lib -L/opt/tmaxapp/OpenFrame/core/lib64 -lsvr -lnodb  -L/opt/tmaxapp/OFCOBOL/lib -lofcobRTL OSCOIVP1.o /opt/tmaxapp/OpenFrame/core/lib64/sdl.o -o OSCOIVP1
OSCBUILD : osc server [OSCOIVP1] created
osc_init.sh START
Successfully create VTAM DB Tables.
Result [/opt/tmaxapp/OpenFrame/osc/resource/vtam.dat] : Success[6] Error[0]
CFL is done successfully for node(NODE1)
SVC tables are successfully generated 
GST is successfully done 
osc_sys.sh START
TDLINIT.8314.151134:(I) TDLUTIL0046 TDLDIR initialization complete [TDL0331]
>>>>>>>>>>>>>>>>>>>>>>>>>>>>>>>>>>>>>>>>>>>>>>>>>>>>>>>>>>>>>>>>>>>>>>>>>>>>>>>>
 * input map : CESN.map


 * copybook : 
   [/opt/tmaxapp/OpenFrame/osc/region/OSCOIVP1/map/symbolic/CESNMAP.cpy] create.
 *  binary image : 
   [/opt/tmaxapp/OpenFrame/osc/region/OSCOIVP1/map/physical/CESNMAP.phm] create.
<<<<<<<<<<<<<<<<<<<<<<<<<<<<<<<<<<<<<<<<<<<<<<<<<<<<<<<<<<<<<<<<<<<<<<<<<<<<<<<<
1
----------------------------------------------
OFCOBCPY=:/opt/tmaxapp/OFCOBOL/copybook:/opt/tmaxdb/tibero6/client/include:/opt/tmaxapp/OFCOBOL/copybook:/opt/tmaxdb/tibero6/client/include:/opt/tmaxapp/OFCOBOL/copybook:/opt/tmaxdb/tibero6/client/include:/opt/tmaxapp/OFCOBOL/copybook:/opt/tmaxdb/tibero6/client/include:/opt/tmaxapp/OFCOBOL/copybook:/opt/tmaxdb/tibero6/client/include:/opt/tmaxapp/OpenFrame/osc/copybook:/opt/tmaxapp/OpenFrame/osc/region/OSCOIVP1/map/symbolic
----------------------------------------------
----------------------------------------------
 CICS PREPROCESSING ---- 
osccblpp DFHGMM.cob
----------------------------------------------
----------------------------------------------
 COBOL COMPILE ---- 
----------------------------------------------
--- DFHGMM compile success.
----------------------------------------------
TDLUPDATE.8344.151135:(I) TDLUTIL0095 /opt/tmaxapp/OpenFrame/osc/region/OSCOIVP1/tdl/run/DFHGMM.so is in progress [TDL0417]
TDLUPDATE.8344.151135:(I) TDLUTIL0083 DFHGMM.5da8caf7 updated successfully [TDL0418]
TDLUPDATE.8344.151135:(I) TDLUTIL0094 updated successfully [TDL0420]
1
----------------------------------------------
OFCOBCPY=:/opt/tmaxapp/OFCOBOL/copybook:/opt/tmaxdb/tibero6/client/include:/opt/tmaxapp/OFCOBOL/copybook:/opt/tmaxdb/tibero6/client/include:/opt/tmaxapp/OFCOBOL/copybook:/opt/tmaxdb/tibero6/client/include:/opt/tmaxapp/OFCOBOL/copybook:/opt/tmaxdb/tibero6/client/include:/opt/tmaxapp/OFCOBOL/copybook:/opt/tmaxdb/tibero6/client/include:/opt/tmaxapp/OpenFrame/osc/copybook:/opt/tmaxapp/OpenFrame/osc/region/OSCOIVP1/map/symbolic
----------------------------------------------
----------------------------------------------
 CICS PREPROCESSING ---- 
osccblpp DFHEMTA.cob
----------------------------------------------
----------------------------------------------
 COBOL COMPILE ---- 
----------------------------------------------
--- DFHEMTA compile success.
----------------------------------------------
TDLUPDATE.8379.151135:(I) TDLUTIL0095 /opt/tmaxapp/OpenFrame/osc/region/OSCOIVP1/tdl/run/DFHEMTA.so is in progress [TDL0417]
TDLUPDATE.8379.151135:(I) TDLUTIL0083 DFHEMTA.5da8caf8 updated successfully [TDL0418]
TDLUPDATE.8379.151135:(I) TDLUTIL0094 updated successfully [TDL0420]
1
----------------------------------------------
OFCOBCPY=:/opt/tmaxapp/OFCOBOL/copybook:/opt/tmaxdb/tibero6/client/include:/opt/tmaxapp/OFCOBOL/copybook:/opt/tmaxdb/tibero6/client/include:/opt/tmaxapp/OFCOBOL/copybook:/opt/tmaxdb/tibero6/client/include:/opt/tmaxapp/OFCOBOL/copybook:/opt/tmaxdb/tibero6/client/include:/opt/tmaxapp/OFCOBOL/copybook:/opt/tmaxdb/tibero6/client/include:/opt/tmaxapp/OpenFrame/osc/copybook:/opt/tmaxapp/OpenFrame/osc/region/OSCOIVP1/map/symbolic
----------------------------------------------
----------------------------------------------
 CICS PREPROCESSING ---- 
osccblpp DFHEMTP.cob
----------------------------------------------
----------------------------------------------
 COBOL COMPILE ---- 
----------------------------------------------
--- DFHEMTP compile success.
----------------------------------------------
TDLUPDATE.8414.151135:(I) TDLUTIL0095 /opt/tmaxapp/OpenFrame/osc/region/OSCOIVP1/tdl/run/DFHEMTP.so is in progress [TDL0417]
TDLUPDATE.8414.151135:(I) TDLUTIL0083 DFHEMTP.5da8caf9 updated successfully [TDL0418]
TDLUPDATE.8414.151135:(I) TDLUTIL0094 updated successfully [TDL0420]
1
----------------------------------------------
OFCOBCPY=:/opt/tmaxapp/OFCOBOL/copybook:/opt/tmaxdb/tibero6/client/include:/opt/tmaxapp/OFCOBOL/copybook:/opt/tmaxdb/tibero6/client/include:/opt/tmaxapp/OFCOBOL/copybook:/opt/tmaxdb/tibero6/client/include:/opt/tmaxapp/OFCOBOL/copybook:/opt/tmaxdb/tibero6/client/include:/opt/tmaxapp/OFCOBOL/copybook:/opt/tmaxdb/tibero6/client/include:/opt/tmaxapp/OpenFrame/osc/copybook:/opt/tmaxapp/OpenFrame/osc/region/OSCOIVP1/map/symbolic
----------------------------------------------
----------------------------------------------
 CICS PREPROCESSING ---- 
osccblpp DFHSFP.cob
----------------------------------------------
----------------------------------------------
 COBOL COMPILE ---- 
----------------------------------------------
--- DFHSFP compile success.
----------------------------------------------
TDLUPDATE.8450.151136:(I) TDLUTIL0095 /opt/tmaxapp/OpenFrame/osc/region/OSCOIVP1/tdl/run/DFHSFP.so is in progress [TDL0417]
TDLUPDATE.8450.151136:(I) TDLUTIL0083 DFHSFP.5da8cafa updated successfully [TDL0418]
TDLUPDATE.8450.151136:(I) TDLUTIL0094 updated successfully [TDL0420]
1
----------------------------------------------
OFCOBCPY=:/opt/tmaxapp/OFCOBOL/copybook:/opt/tmaxdb/tibero6/client/include:/opt/tmaxapp/OFCOBOL/copybook:/opt/tmaxdb/tibero6/client/include:/opt/tmaxapp/OFCOBOL/copybook:/opt/tmaxdb/tibero6/client/include:/opt/tmaxapp/OFCOBOL/copybook:/opt/tmaxdb/tibero6/client/include:/opt/tmaxapp/OFCOBOL/copybook:/opt/tmaxdb/tibero6/client/include:/opt/tmaxapp/OpenFrame/osc/copybook:/opt/tmaxapp/OpenFrame/osc/region/OSCOIVP1/map/symbolic
----------------------------------------------
----------------------------------------------
 CICS PREPROCESSING ---- 
osccblpp DFHSNP.cob
----------------------------------------------
----------------------------------------------
 COBOL COMPILE ---- 
----------------------------------------------
--- DFHSNP compile success.
----------------------------------------------
TDLUPDATE.8486.151137:(I) TDLUTIL0095 /opt/tmaxapp/OpenFrame/osc/region/OSCOIVP1/tdl/run/DFHSNP.so is in progress [TDL0417]
TDLUPDATE.8486.151137:(I) TDLUTIL0083 DFHSNP.5da8cafb updated successfully [TDL0418]
TDLUPDATE.8486.151137:(I) TDLUTIL0094 updated successfully [TDL0420]
OSCSDGEN Result [osc.dat] : success[31] error[0]
osc_oivp.sh START
>>>>>>>>>>>>>>>>>>>>>>>>>>>>>>>>>>>>>>>>>>>>>>>>>>>>>>>>>>>>>>>>>>>>>>>>>>>>>>>>
 * input map : OIVPM001.map


 * copybook : 
   [/opt/tmaxapp/OpenFrame/osc/region/OSCOIVP1/map/symbolic/OIVPM01.cpy] create.
 *  binary image : 
   [/opt/tmaxapp/OpenFrame/osc/region/OSCOIVP1/map/physical/OIVPM01.phm] create.
<<<<<<<<<<<<<<<<<<<<<<<<<<<<<<<<<<<<<<<<<<<<<<<<<<<<<<<<<<<<<<<<<<<<<<<<<<<<<<<<
>>>>>>>>>>>>>>>>>>>>>>>>>>>>>>>>>>>>>>>>>>>>>>>>>>>>>>>>>>>>>>>>>>>>>>>>>>>>>>>>
 * input map : OIVPM002.map


 * copybook : 
   [/opt/tmaxapp/OpenFrame/osc/region/OSCOIVP1/map/symbolic/OIVPM02.cpy] create.
 *  binary image : 
   [/opt/tmaxapp/OpenFrame/osc/region/OSCOIVP1/map/physical/OIVPM02.phm] create.
<<<<<<<<<<<<<<<<<<<<<<<<<<<<<<<<<<<<<<<<<<<<<<<<<<<<<<<<<<<<<<<<<<<<<<<<<<<<<<<<
>>>>>>>>>>>>>>>>>>>>>>>>>>>>>>>>>>>>>>>>>>>>>>>>>>>>>>>>>>>>>>>>>>>>>>>>>>>>>>>>
 * input map : OIVPM003.map


 * copybook : 
   [/opt/tmaxapp/OpenFrame/osc/region/OSCOIVP1/map/symbolic/OIVPM03.cpy] create.
 *  binary image : 
   [/opt/tmaxapp/OpenFrame/osc/region/OSCOIVP1/map/physical/OIVPM03.phm] create.
<<<<<<<<<<<<<<<<<<<<<<<<<<<<<<<<<<<<<<<<<<<<<<<<<<<<<<<<<<<<<<<<<<<<<<<<<<<<<<<<
>>>>>>>>>>>>>>>>>>>>>>>>>>>>>>>>>>>>>>>>>>>>>>>>>>>>>>>>>>>>>>>>>>>>>>>>>>>>>>>>
 * input map : OIVPM004.map


 * copybook : 
   [/opt/tmaxapp/OpenFrame/osc/region/OSCOIVP1/map/symbolic/OIVPM04.cpy] create.
 *  binary image : 
   [/opt/tmaxapp/OpenFrame/osc/region/OSCOIVP1/map/physical/OIVPM04.phm] create.
<<<<<<<<<<<<<<<<<<<<<<<<<<<<<<<<<<<<<<<<<<<<<<<<<<<<<<<<<<<<<<<<<<<<<<<<<<<<<<<<
>>>>>>>>>>>>>>>>>>>>>>>>>>>>>>>>>>>>>>>>>>>>>>>>>>>>>>>>>>>>>>>>>>>>>>>>>>>>>>>>
 * input map : OIVPM005.map


 * copybook : 
   [/opt/tmaxapp/OpenFrame/osc/region/OSCOIVP1/map/symbolic/OIVPM05.cpy] create.
 *  binary image : 
   [/opt/tmaxapp/OpenFrame/osc/region/OSCOIVP1/map/physical/OIVPM05.phm] create.
<<<<<<<<<<<<<<<<<<<<<<<<<<<<<<<<<<<<<<<<<<<<<<<<<<<<<<<<<<<<<<<<<<<<<<<<<<<<<<<<
>>>>>>>>>>>>>>>>>>>>>>>>>>>>>>>>>>>>>>>>>>>>>>>>>>>>>>>>>>>>>>>>>>>>>>>>>>>>>>>>
 * input map : OIVPM006.map


 * copybook : 
   [/opt/tmaxapp/OpenFrame/osc/region/OSCOIVP1/map/symbolic/OIVPM06.cpy] create.
 *  binary image : 
   [/opt/tmaxapp/OpenFrame/osc/region/OSCOIVP1/map/physical/OIVPM06.phm] create.
<<<<<<<<<<<<<<<<<<<<<<<<<<<<<<<<<<<<<<<<<<<<<<<<<<<<<<<<<<<<<<<<<<<<<<<<<<<<<<<<
>>>>>>>>>>>>>>>>>>>>>>>>>>>>>>>>>>>>>>>>>>>>>>>>>>>>>>>>>>>>>>>>>>>>>>>>>>>>>>>>
 * input map : OIVPM007.map


 * copybook : 
   [/opt/tmaxapp/OpenFrame/osc/region/OSCOIVP1/map/symbolic/OIVPM07.cpy] create.
 *  binary image : 
   [/opt/tmaxapp/OpenFrame/osc/region/OSCOIVP1/map/physical/OIVPM07.phm] create.
<<<<<<<<<<<<<<<<<<<<<<<<<<<<<<<<<<<<<<<<<<<<<<<<<<<<<<<<<<<<<<<<<<<<<<<<<<<<<<<<
1
----------------------------------------------
OFCOBCPY=:/opt/tmaxapp/OFCOBOL/copybook:/opt/tmaxdb/tibero6/client/include:/opt/tmaxapp/OFCOBOL/copybook:/opt/tmaxdb/tibero6/client/include:/opt/tmaxapp/OFCOBOL/copybook:/opt/tmaxdb/tibero6/client/include:/opt/tmaxapp/OFCOBOL/copybook:/opt/tmaxdb/tibero6/client/include:/opt/tmaxapp/OFCOBOL/copybook:/opt/tmaxdb/tibero6/client/include:/opt/tmaxapp/OpenFrame/osc/copybook:/opt/tmaxapp/OpenFrame/osc/region/OSCOIVP1/map/symbolic
----------------------------------------------
----------------------------------------------
 CICS PREPROCESSING ---- 
osccblpp OIVPINFO.cob
----------------------------------------------
----------------------------------------------
 COBOL COMPILE ---- 
----------------------------------------------
--- OIVPINFO compile success.
----------------------------------------------
TDLUPDATE.8555.151138:(I) TDLUTIL0095 /opt/tmaxapp/OpenFrame/osc/region/OSCOIVP1/tdl/run/OIVPINFO.so is in progress [TDL0417]
TDLUPDATE.8555.151138:(I) TDLUTIL0083 OIVPINFO.5da8cafc updated successfully [TDL0418]
TDLUPDATE.8555.151138:(I) TDLUTIL0094 updated successfully [TDL0420]
1
----------------------------------------------
OFCOBCPY=:/opt/tmaxapp/OFCOBOL/copybook:/opt/tmaxdb/tibero6/client/include:/opt/tmaxapp/OFCOBOL/copybook:/opt/tmaxdb/tibero6/client/include:/opt/tmaxapp/OFCOBOL/copybook:/opt/tmaxdb/tibero6/client/include:/opt/tmaxapp/OFCOBOL/copybook:/opt/tmaxdb/tibero6/client/include:/opt/tmaxapp/OFCOBOL/copybook:/opt/tmaxdb/tibero6/client/include:/opt/tmaxapp/OpenFrame/osc/copybook:/opt/tmaxapp/OpenFrame/osc/region/OSCOIVP1/map/symbolic
----------------------------------------------
----------------------------------------------
 CICS PREPROCESSING ---- 
osccblpp OIVPMAIN.cob
----------------------------------------------
----------------------------------------------
 COBOL COMPILE ---- 
----------------------------------------------
--- OIVPMAIN compile success.
----------------------------------------------
TDLUPDATE.8592.151141:(I) TDLUTIL0095 /opt/tmaxapp/OpenFrame/osc/region/OSCOIVP1/tdl/run/OIVPMAIN.so is in progress [TDL0417]
TDLUPDATE.8592.151141:(I) TDLUTIL0083 OIVPMAIN.5da8cafd updated successfully [TDL0418]
TDLUPDATE.8592.151141:(I) TDLUTIL0094 updated successfully [TDL0420]
1
----------------------------------------------
OFCOBCPY=:/opt/tmaxapp/OFCOBOL/copybook:/opt/tmaxdb/tibero6/client/include:/opt/tmaxapp/OFCOBOL/copybook:/opt/tmaxdb/tibero6/client/include:/opt/tmaxapp/OFCOBOL/copybook:/opt/tmaxdb/tibero6/client/include:/opt/tmaxapp/OFCOBOL/copybook:/opt/tmaxdb/tibero6/client/include:/opt/tmaxapp/OFCOBOL/copybook:/opt/tmaxdb/tibero6/client/include:/opt/tmaxapp/OpenFrame/osc/copybook:/opt/tmaxapp/OpenFrame/osc/region/OSCOIVP1/map/symbolic
----------------------------------------------
----------------------------------------------
 CICS PREPROCESSING ---- 
osccblpp OIVPBROS.cob
----------------------------------------------
----------------------------------------------
 COBOL COMPILE ---- 
----------------------------------------------
--- OIVPBROS compile success.
----------------------------------------------
TDLUPDATE.8629.151143:(I) TDLUTIL0095 /opt/tmaxapp/OpenFrame/osc/region/OSCOIVP1/tdl/run/OIVPBROS.so is in progress [TDL0417]
TDLUPDATE.8629.151143:(I) TDLUTIL0083 OIVPBROS.5da8caff updated successfully [TDL0418]
TDLUPDATE.8629.151143:(I) TDLUTIL0094 updated successfully [TDL0420]
1
----------------------------------------------
OFCOBCPY=:/opt/tmaxapp/OFCOBOL/copybook:/opt/tmaxdb/tibero6/client/include:/opt/tmaxapp/OFCOBOL/copybook:/opt/tmaxdb/tibero6/client/include:/opt/tmaxapp/OFCOBOL/copybook:/opt/tmaxdb/tibero6/client/include:/opt/tmaxapp/OFCOBOL/copybook:/opt/tmaxdb/tibero6/client/include:/opt/tmaxapp/OFCOBOL/copybook:/opt/tmaxdb/tibero6/client/include:/opt/tmaxapp/OpenFrame/osc/copybook:/opt/tmaxapp/OpenFrame/osc/region/OSCOIVP1/map/symbolic
----------------------------------------------
----------------------------------------------
 CICS PREPROCESSING ---- 
osccblpp OIVPINSR.cob
----------------------------------------------
----------------------------------------------
 COBOL COMPILE ---- 
----------------------------------------------
--- OIVPINSR compile success.
----------------------------------------------
TDLUPDATE.8666.151146:(I) TDLUTIL0095 /opt/tmaxapp/OpenFrame/osc/region/OSCOIVP1/tdl/run/OIVPINSR.so is in progress [TDL0417]
TDLUPDATE.8666.151146:(I) TDLUTIL0083 OIVPINSR.5da8cb02 updated successfully [TDL0418]
TDLUPDATE.8666.151146:(I) TDLUTIL0094 updated successfully [TDL0420]
1
----------------------------------------------
OFCOBCPY=:/opt/tmaxapp/OFCOBOL/copybook:/opt/tmaxdb/tibero6/client/include:/opt/tmaxapp/OFCOBOL/copybook:/opt/tmaxdb/tibero6/client/include:/opt/tmaxapp/OFCOBOL/copybook:/opt/tmaxdb/tibero6/client/include:/opt/tmaxapp/OFCOBOL/copybook:/opt/tmaxdb/tibero6/client/include:/opt/tmaxapp/OFCOBOL/copybook:/opt/tmaxdb/tibero6/client/include:/opt/tmaxapp/OpenFrame/osc/copybook:/opt/tmaxapp/OpenFrame/osc/region/OSCOIVP1/map/symbolic
----------------------------------------------
----------------------------------------------
 CICS PREPROCESSING ---- 
osccblpp OIVPINQR.cob
----------------------------------------------
----------------------------------------------
 COBOL COMPILE ---- 
----------------------------------------------
--- OIVPINQR compile success.
----------------------------------------------
TDLUPDATE.8702.151147:(I) TDLUTIL0095 /opt/tmaxapp/OpenFrame/osc/region/OSCOIVP1/tdl/run/OIVPINQR.so is in progress [TDL0417]
TDLUPDATE.8702.151147:(I) TDLUTIL0083 OIVPINQR.5da8cb03 updated successfully [TDL0418]
TDLUPDATE.8702.151147:(I) TDLUTIL0094 updated successfully [TDL0420]
1
----------------------------------------------
OFCOBCPY=:/opt/tmaxapp/OFCOBOL/copybook:/opt/tmaxdb/tibero6/client/include:/opt/tmaxapp/OFCOBOL/copybook:/opt/tmaxdb/tibero6/client/include:/opt/tmaxapp/OFCOBOL/copybook:/opt/tmaxdb/tibero6/client/include:/opt/tmaxapp/OFCOBOL/copybook:/opt/tmaxdb/tibero6/client/include:/opt/tmaxapp/OFCOBOL/copybook:/opt/tmaxdb/tibero6/client/include:/opt/tmaxapp/OpenFrame/osc/copybook:/opt/tmaxapp/OpenFrame/osc/region/OSCOIVP1/map/symbolic
----------------------------------------------
----------------------------------------------
 CICS PREPROCESSING ---- 
osccblpp OIVPQUIT.cob
----------------------------------------------
----------------------------------------------
 COBOL COMPILE ---- 
----------------------------------------------
--- OIVPQUIT compile success.
----------------------------------------------
TDLUPDATE.8737.151147:(I) TDLUTIL0095 /opt/tmaxapp/OpenFrame/osc/region/OSCOIVP1/tdl/run/OIVPQUIT.so is in progress [TDL0417]
TDLUPDATE.8737.151147:(I) TDLUTIL0083 OIVPQUIT.5da8cb04 updated successfully [TDL0418]
TDLUPDATE.8737.151147:(I) TDLUTIL0094 updated successfully [TDL0420]
1
----------------------------------------------
OFCOBCPY=:/opt/tmaxapp/OFCOBOL/copybook:/opt/tmaxdb/tibero6/client/include:/opt/tmaxapp/OFCOBOL/copybook:/opt/tmaxdb/tibero6/client/include:/opt/tmaxapp/OFCOBOL/copybook:/opt/tmaxdb/tibero6/client/include:/opt/tmaxapp/OFCOBOL/copybook:/opt/tmaxdb/tibero6/client/include:/opt/tmaxapp/OFCOBOL/copybook:/opt/tmaxdb/tibero6/client/include:/opt/tmaxapp/OpenFrame/osc/copybook:/opt/tmaxapp/OpenFrame/osc/region/OSCOIVP1/map/symbolic
----------------------------------------------
----------------------------------------------
 CICS PREPROCESSING ---- 
osccblpp OIVPDELT.cob
----------------------------------------------
----------------------------------------------
 COBOL COMPILE ---- 
----------------------------------------------
--- OIVPDELT compile success.
----------------------------------------------
TDLUPDATE.8774.151149:(I) TDLUTIL0095 /opt/tmaxapp/OpenFrame/osc/region/OSCOIVP1/tdl/run/OIVPDELT.so is in progress [TDL0417]
TDLUPDATE.8774.151149:(I) TDLUTIL0083 OIVPDELT.5da8cb05 updated successfully [TDL0418]
TDLUPDATE.8774.151149:(I) TDLUTIL0094 updated successfully [TDL0420]
1
----------------------------------------------
OFCOBCPY=:/opt/tmaxapp/OFCOBOL/copybook:/opt/tmaxdb/tibero6/client/include:/opt/tmaxapp/OFCOBOL/copybook:/opt/tmaxdb/tibero6/client/include:/opt/tmaxapp/OFCOBOL/copybook:/opt/tmaxdb/tibero6/client/include:/opt/tmaxapp/OFCOBOL/copybook:/opt/tmaxdb/tibero6/client/include:/opt/tmaxapp/OFCOBOL/copybook:/opt/tmaxdb/tibero6/client/include:/opt/tmaxapp/OpenFrame/osc/copybook:/opt/tmaxapp/OpenFrame/osc/region/OSCOIVP1/map/symbolic
----------------------------------------------
----------------------------------------------
 CICS PREPROCESSING ---- 
osccblpp OIVPDOBR.cob
----------------------------------------------
----------------------------------------------
 COBOL COMPILE ---- 
----------------------------------------------
--- OIVPDOBR compile success.
----------------------------------------------
TDLUPDATE.8811.151152:(I) TDLUTIL0095 /opt/tmaxapp/OpenFrame/osc/region/OSCOIVP1/tdl/run/OIVPDOBR.so is in progress [TDL0417]
TDLUPDATE.8811.151152:(I) TDLUTIL0083 OIVPDOBR.5da8cb08 updated successfully [TDL0418]
TDLUPDATE.8811.151152:(I) TDLUTIL0094 updated successfully [TDL0420]
1
----------------------------------------------
OFCOBCPY=:/opt/tmaxapp/OFCOBOL/copybook:/opt/tmaxdb/tibero6/client/include:/opt/tmaxapp/OFCOBOL/copybook:/opt/tmaxdb/tibero6/client/include:/opt/tmaxapp/OFCOBOL/copybook:/opt/tmaxdb/tibero6/client/include:/opt/tmaxapp/OFCOBOL/copybook:/opt/tmaxdb/tibero6/client/include:/opt/tmaxapp/OFCOBOL/copybook:/opt/tmaxdb/tibero6/client/include:/opt/tmaxapp/OpenFrame/osc/copybook:/opt/tmaxapp/OpenFrame/osc/region/OSCOIVP1/map/symbolic
----------------------------------------------
----------------------------------------------
 CICS PREPROCESSING ---- 
osccblpp OIVPUPDT.cob
----------------------------------------------
----------------------------------------------
 COBOL COMPILE ---- 
----------------------------------------------
--- OIVPUPDT compile success.
----------------------------------------------
TDLUPDATE.8847.151154:(I) TDLUTIL0095 /opt/tmaxapp/OpenFrame/osc/region/OSCOIVP1/tdl/run/OIVPUPDT.so is in progress [TDL0417]
TDLUPDATE.8847.151154:(I) TDLUTIL0083 OIVPUPDT.5da8cb0a updated successfully [TDL0418]
TDLUPDATE.8847.151154:(I) TDLUTIL0094 updated successfully [TDL0420]
OSCSDGEN Result [oivp.dat] : success[35] error[0]
