__________________________________________________________________________

Tue Oct 15 13:31:07 CDT 2019

Free Memory: 8750 kB
Total Memory: 23872 kB

4 Command Line Args:
0:  -f
1:  batch.properties
2:  -m
3:  SILENT

java.class.path:
    /tmp/install.dir.9481/InstallerData
    /tmp/install.dir.9481/InstallerData/installer.zip

ZGUtil.CLASS_PATH:
    /tmp/install.dir.9481/InstallerData
    /tmp/install.dir.9481/InstallerData/installer.zip

sun.boot.class.path:
    /tmp/install.dir.9481/Linux/resource/jre/lib/resources.jar
    /tmp/install.dir.9481/Linux/resource/jre/lib/rt.jar
    /tmp/install.dir.9481/Linux/resource/jre/lib/sunrsasign.jar
    /tmp/install.dir.9481/Linux/resource/jre/lib/jsse.jar
    /tmp/install.dir.9481/Linux/resource/jre/lib/jce.jar
    /tmp/install.dir.9481/Linux/resource/jre/lib/charsets.jar
    /tmp/install.dir.9481/Linux/resource/jre/lib/jfr.jar
    /tmp/install.dir.9481/Linux/resource/jre/classes

java.ext.dirs:
    /tmp/install.dir.9481/Linux/resource/jre/lib/ext
    /usr/java/packages/lib/ext

java.version                  == 1.7.0_10 (Java 1)
java.vm.name                  == Java HotSpot(TM) 64-Bit Server VM
java.vm.vendor                == Oracle Corporation
java.vm.version               == 23.6-b04
java.vm.specification.name    == Java Virtual Machine Specification
java.vm.specification.vendor  == Oracle Corporation
java.vm.specification.version == 1.7
java.specification.name       == Java Platform API Specification
java.specification.vendor     == Oracle Corporation
java.specification.version    == 1.7
java.vendor                   == Oracle Corporation
java.vendor.url               == http://java.oracle.com/
java.class.version            == 51.0
java.compiler                 == null
java.home                     == /tmp/install.dir.9481/Linux/resource/jre
java.io.tmpdir                == /tmp
os.name                       == Linux
os.arch                       == amd64
os.version                    == 3.10.0-1062.1.2.el7.x86_64
path.separator                == :
file.separator                == /
file.encoding                 == UTF-8
user.name                     == oframe
user.home                     == /home/oframe
user.dir                      == /tmp/install.dir.9481
user.language                 == en
user.region                   == null
__________________________________________________________________________

Install Begin: Tue Oct 15 13:30:54 CDT 2019
Install End: Tue Oct 15 13:31:07 CDT 2019

Installed by InstallAnywhere 9.5 Enterprise Build 3532, by Macrovision


User Interactions
-----------------


Summary
-------

Installation: Successful.

266 Successes
0 Warnings
0 NonFatalErrors
0 FatalErrors

Action Notes:

None

Install Log Detail:

Install Action:           HostInfo
                          Status: SUCCESSFUL

Install Action:           CutHostName
                          Status: SUCCESSFUL

Install Action:           InstallAnywhere Variable
                          Status: SUCCESSFUL

Install Action:           InstallAnywhere Variable
                          Status: SUCCESSFUL

Install Action:           InstallAnywhere Variable
                          Status: SUCCESSFUL

Install Action:           InstallAnywhere Variable
                          Status: SUCCESSFUL

Install Action:           InstallAnywhere Variables
                          Status: SUCCESSFUL

Install Action:           InstallAnywhere Variables
                          Status: SUCCESSFUL

Install Action:           InstallAnywhere Variable
                          Status: SUCCESSFUL

Check Disk Space:         /opt/tmaxapp/OpenFrame
                          Status: SUCCESSFUL
                          Additional Notes: NOTE - Required Disk Space: 117,941,870; Free Disk Space: 42,662,887,424

Install Directory:        /opt/tmaxapp/OpenFrame/UninstallerData/OpenFrame_Batch7_Fix3_MVS/jre
                          Status: SUCCESSFUL

Install JRE:              /opt/tmaxapp/OpenFrame/UninstallerData/OpenFrame_Batch7_Fix3_MVS/jre
                          Status: SUCCESSFUL

Install Directory:        /opt/tmaxapp/OpenFrame/
                          Status: SUCCESSFUL
                          Additional Notes: NOTE - Directory already existed

Install Directory:        /opt/tmaxapp/OpenFrame/UninstallerData/
                          Status: SUCCESSFUL
                          Additional Notes: NOTE - Directory already existed

Install Directory:        /opt/tmaxapp/OpenFrame/UninstallerData/OpenFrame_Batch7_Fix3_MVS/
                          Status: SUCCESSFUL
                          Additional Notes: NOTE - Directory already existed

Install Uninstaller:      OpenFrame_Batch7_Fix3_MVS (Install All Uninstaller Components)
                          Status: SUCCESSFUL


Install File:             /opt/tmaxapp/OpenFrame/UninstallerData/OpenFrame_Batch7_Fix3_MVS/Uninstall.lax
                          Status: SUCCESSFUL

Install Uninstaller:      OpenFrame_Batch7_Fix3_MVS (Install All Uninstaller Components)
                          Status: SUCCESSFUL

Install Directory:        /opt/tmaxapp/OpenFrame/UninstallerData/log/
                          Status: SUCCESSFUL
                          Additional Notes: NOTE - Directory already existed

Install File:             /opt/tmaxapp/OpenFrame/UninstallerData/log/script_batch.log
                          Status: SUCCESSFUL

Create Link:              /opt/tmaxapp/OpenFrame/UninstallerData/Uninstall_Batch
                          Status: SUCCESSFUL

Install File:             /opt/tmaxapp/OpenFrame/OpenFrame/sample/DFHJUP02
                          Status: SUCCESSFUL

Install File:             /opt/tmaxapp/OpenFrame/OpenFrame/sample/IEBGENR2
                          Status: SUCCESSFUL

Install File:             /opt/tmaxapp/OpenFrame/OpenFrame/sample/ICETOOL3
                          Status: SUCCESSFUL

Install File:             /opt/tmaxapp/OpenFrame/OpenFrame/sample/IDCAMS08
                          Status: SUCCESSFUL

Install File:             /opt/tmaxapp/OpenFrame/OpenFrame/sample/IDCAMS16
                          Status: SUCCESSFUL

Install File:             /opt/tmaxapp/OpenFrame/OpenFrame/sample/IDCAMS13
                          Status: SUCCESSFUL

Install File:             /opt/tmaxapp/OpenFrame/OpenFrame/sample/IEBCOPY1
                          Status: SUCCESSFUL

Install File:             /opt/tmaxapp/OpenFrame/OpenFrame/sample/IEBGENR1
                          Status: SUCCESSFUL

Install File:             /opt/tmaxapp/OpenFrame/OpenFrame/sample/IDCAMS03
                          Status: SUCCESSFUL

Install File:             /opt/tmaxapp/OpenFrame/OpenFrame/sample/IEHPRGM1
                          Status: SUCCESSFUL

Install File:             /opt/tmaxapp/OpenFrame/OpenFrame/sample/ADRDSSU8
                          Status: SUCCESSFUL

Install File:             /opt/tmaxapp/OpenFrame/OpenFrame/sample/DFSORT01
                          Status: SUCCESSFUL

Install File:             /opt/tmaxapp/OpenFrame/OpenFrame/sample/IEBPTPCH
                          Status: SUCCESSFUL

Install File:             /opt/tmaxapp/OpenFrame/OpenFrame/sample/ISRSUPC1
                          Status: SUCCESSFUL

Install File:             /opt/tmaxapp/OpenFrame/OpenFrame/sample/IDCAMS12
                          Status: SUCCESSFUL

Install File:             /opt/tmaxapp/OpenFrame/OpenFrame/sample/IEHPRGM3
                          Status: SUCCESSFUL

Install File:             /opt/tmaxapp/OpenFrame/OpenFrame/sample/DFHJUP03
                          Status: SUCCESSFUL

Install File:             /opt/tmaxapp/OpenFrame/OpenFrame/sample/DFSORT02
                          Status: SUCCESSFUL

Install File:             /opt/tmaxapp/OpenFrame/OpenFrame/sample/DSNTEP2
                          Status: SUCCESSFUL

Install File:             /opt/tmaxapp/OpenFrame/OpenFrame/sample/IDCAMS07
                          Status: SUCCESSFUL

Install File:             /opt/tmaxapp/OpenFrame/OpenFrame/sample/IDCAMS02
                          Status: SUCCESSFUL

Install File:             /opt/tmaxapp/OpenFrame/OpenFrame/sample/ADRDSSU5
                          Status: SUCCESSFUL

Install File:             /opt/tmaxapp/OpenFrame/OpenFrame/sample/OFBLTST
                          Status: SUCCESSFUL

Install File:             /opt/tmaxapp/OpenFrame/OpenFrame/sample/EZTPA00
                          Status: SUCCESSFUL

Install File:             /opt/tmaxapp/OpenFrame/OpenFrame/sample/IEBCOMP5
                          Status: SUCCESSFUL

Install File:             /opt/tmaxapp/OpenFrame/OpenFrame/sample/IDCAMS14
                          Status: SUCCESSFUL

Install File:             /opt/tmaxapp/OpenFrame/OpenFrame/sample/IEBUPDT3
                          Status: SUCCESSFUL

Install File:             /opt/tmaxapp/OpenFrame/OpenFrame/sample/IEBCOPY4
                          Status: SUCCESSFUL

Install File:             /opt/tmaxapp/OpenFrame/OpenFrame/sample/IEBCOPY5
                          Status: SUCCESSFUL

Install File:             /opt/tmaxapp/OpenFrame/OpenFrame/sample/IEBUPDT4
                          Status: SUCCESSFUL

Install File:             /opt/tmaxapp/OpenFrame/OpenFrame/sample/ADRDSSU2
                          Status: SUCCESSFUL

Install File:             /opt/tmaxapp/OpenFrame/OpenFrame/sample/ADAPT02
                          Status: SUCCESSFUL

Install File:             /opt/tmaxapp/OpenFrame/OpenFrame/sample/IKJEFT01A
                          Status: SUCCESSFUL

Install File:             /opt/tmaxapp/OpenFrame/OpenFrame/sample/IEBUPDT5
                          Status: SUCCESSFUL

Install File:             /opt/tmaxapp/OpenFrame/OpenFrame/sample/IEBCOMP2
                          Status: SUCCESSFUL

Install File:             /opt/tmaxapp/OpenFrame/OpenFrame/sample/DSNTIAUL
                          Status: SUCCESSFUL

Install File:             /opt/tmaxapp/OpenFrame/OpenFrame/sample/IDCAMS17
                          Status: SUCCESSFUL

Install File:             /opt/tmaxapp/OpenFrame/OpenFrame/sample/ADAPT03
                          Status: SUCCESSFUL

Install File:             /opt/tmaxapp/OpenFrame/OpenFrame/sample/IEBCOPY2
                          Status: SUCCESSFUL

Install File:             /opt/tmaxapp/OpenFrame/OpenFrame/sample/DSNUTILB
                          Status: SUCCESSFUL

Install File:             /opt/tmaxapp/OpenFrame/OpenFrame/sample/IDCAMS06
                          Status: SUCCESSFUL

Install File:             /opt/tmaxapp/OpenFrame/OpenFrame/sample/DFHJUP01
                          Status: SUCCESSFUL

Install File:             /opt/tmaxapp/OpenFrame/OpenFrame/sample/IEBUPDT1
                          Status: SUCCESSFUL

Install File:             /opt/tmaxapp/OpenFrame/OpenFrame/sample/ICETOOL1
                          Status: SUCCESSFUL

Install File:             /opt/tmaxapp/OpenFrame/OpenFrame/sample/SDSF00
                          Status: SUCCESSFUL

Install File:             /opt/tmaxapp/OpenFrame/OpenFrame/sample/IKJEFT01C
                          Status: SUCCESSFUL

Install File:             /opt/tmaxapp/OpenFrame/OpenFrame/sample/IEBCOMP3
                          Status: SUCCESSFUL

Install File:             /opt/tmaxapp/OpenFrame/OpenFrame/sample/IEBUPDT2
                          Status: SUCCESSFUL

Install File:             /opt/tmaxapp/OpenFrame/OpenFrame/sample/ADRDSSU4
                          Status: SUCCESSFUL

Install File:             /opt/tmaxapp/OpenFrame/OpenFrame/sample/ICETOOL4
                          Status: SUCCESSFUL

Install File:             /opt/tmaxapp/OpenFrame/OpenFrame/sample/IDCAMS18
                          Status: SUCCESSFUL

Install File:             /opt/tmaxapp/OpenFrame/OpenFrame/sample/IDCAMS04
                          Status: SUCCESSFUL

Install File:             /opt/tmaxapp/OpenFrame/OpenFrame/sample/IDCAMS09
                          Status: SUCCESSFUL

Install File:             /opt/tmaxapp/OpenFrame/OpenFrame/sample/IDCAMS05
                          Status: SUCCESSFUL

Install File:             /opt/tmaxapp/OpenFrame/OpenFrame/sample/ADRDSSU6
                          Status: SUCCESSFUL

Install File:             /opt/tmaxapp/OpenFrame/OpenFrame/sample/ADAPT01
                          Status: SUCCESSFUL

Install File:             /opt/tmaxapp/OpenFrame/OpenFrame/sample/DSDIFF01
                          Status: SUCCESSFUL

Install File:             /opt/tmaxapp/OpenFrame/OpenFrame/sample/ADRDSSU7
                          Status: SUCCESSFUL

Install File:             /opt/tmaxapp/OpenFrame/OpenFrame/sample/IEBGENR4
                          Status: SUCCESSFUL

Install File:             /opt/tmaxapp/OpenFrame/OpenFrame/sample/IEFBR14
                          Status: SUCCESSFUL

Install File:             /opt/tmaxapp/OpenFrame/OpenFrame/sample/IEHLIST1
                          Status: SUCCESSFUL

Install File:             /opt/tmaxapp/OpenFrame/OpenFrame/sample/ICETOOL2
                          Status: SUCCESSFUL

Install File:             /opt/tmaxapp/OpenFrame/OpenFrame/sample/IEHPRGM2
                          Status: SUCCESSFUL

Install File:             /opt/tmaxapp/OpenFrame/OpenFrame/sample/FTP01
                          Status: SUCCESSFUL

Install File:             /opt/tmaxapp/OpenFrame/OpenFrame/sample/IDCAMS11
                          Status: SUCCESSFUL

Install File:             /opt/tmaxapp/OpenFrame/OpenFrame/sample/IKJEFT01B
                          Status: SUCCESSFUL

Install File:             /opt/tmaxapp/OpenFrame/OpenFrame/sample/IEBCOPY3
                          Status: SUCCESSFUL

Install File:             /opt/tmaxapp/OpenFrame/OpenFrame/sample/ADRDSSU3
                          Status: SUCCESSFUL

Install File:             /opt/tmaxapp/OpenFrame/OpenFrame/sample/IEBDG01
                          Status: SUCCESSFUL

Install File:             /opt/tmaxapp/OpenFrame/OpenFrame/sample/IEBCOMP4
                          Status: SUCCESSFUL

Install File:             /opt/tmaxapp/OpenFrame/OpenFrame/sample/IDCAMS15
                          Status: SUCCESSFUL

Install File:             /opt/tmaxapp/OpenFrame/OpenFrame/sample/ADRDSSU1
                          Status: SUCCESSFUL

Install File:             /opt/tmaxapp/OpenFrame/OpenFrame/sample/IEBEDIT1
                          Status: SUCCESSFUL

Install File:             /opt/tmaxapp/OpenFrame/OpenFrame/sample/IEBCOMP1
                          Status: SUCCESSFUL

Install File:             /opt/tmaxapp/OpenFrame/OpenFrame/sample/IDCAMS10
                          Status: SUCCESSFUL

Install File:             /opt/tmaxapp/OpenFrame/OpenFrame/sample/IFASMFDP
                          Status: SUCCESSFUL

Install File:             /opt/tmaxapp/OpenFrame/OpenFrame/sample/DSNTIAD
                          Status: SUCCESSFUL

Install File:             /opt/tmaxapp/OpenFrame/OpenFrame/sample/IDCAMS01
                          Status: SUCCESSFUL

Install File:             /opt/tmaxapp/OpenFrame/OpenFrame/sample/ISRSUPC2
                          Status: SUCCESSFUL

Install File:             /opt/tmaxapp/OpenFrame/OpenFrame/sample/IEBGENR3
                          Status: SUCCESSFUL

Install File:             /opt/tmaxapp/OpenFrame/OpenFrame/config/idcams.conf
                          Status: SUCCESSFUL

Install File:             /opt/tmaxapp/OpenFrame/OpenFrame/config/tjes.conf
                          Status: SUCCESSFUL

Install File:             /opt/tmaxapp/OpenFrame/OpenFrame/config/dbutil.conf
                          Status: SUCCESSFUL

Install File:             /opt/tmaxapp/OpenFrame/OpenFrame/config/tjesmgr.conf
                          Status: SUCCESSFUL

Install File:             /opt/tmaxapp/OpenFrame/OpenFrame/config/textrun.conf
                          Status: SUCCESSFUL

Install File:             /opt/tmaxapp/OpenFrame/OpenFrame/config/isrsupc.conf
                          Status: SUCCESSFUL

Install File:             /opt/tmaxapp/OpenFrame/OpenFrame/config/print.conf
                          Status: SUCCESSFUL

Install File:             /opt/tmaxapp/OpenFrame/OpenFrame/config/tjclrun.conf
                          Status: SUCCESSFUL

Install File:             /opt/tmaxapp/OpenFrame/OpenFrame/config/ftp.conf
                          Status: SUCCESSFUL

Install File:             /opt/tmaxapp/OpenFrame/OpenFrame/config/rc.conf
                          Status: SUCCESSFUL

Install File:             /opt/tmaxapp/OpenFrame/OpenFrame/config/ezaci.conf
                          Status: SUCCESSFUL

Install File:             /opt/tmaxapp/OpenFrame/OpenFrame/config/tso.conf
                          Status: SUCCESSFUL

Install File:             /opt/tmaxapp/OpenFrame/OpenFrame/config/ikjeft01.conf
                          Status: SUCCESSFUL

Install File:             /opt/tmaxapp/OpenFrame/OpenFrame/config/ezplus.conf
                          Status: SUCCESSFUL

Install File:             /opt/tmaxapp/OpenFrame/OpenFrame/lib/libtso.so.64.7_0_3_48
                          Status: SUCCESSFUL

Install File:             /opt/tmaxapp/OpenFrame/OpenFrame/lib/libdfltprt.so.64.7_0_3_1
                          Status: SUCCESSFUL

Install File:             /opt/tmaxapp/OpenFrame/OpenFrame/lib/IKCONN.so
                          Status: SUCCESSFUL

Install File:             /opt/tmaxapp/OpenFrame/OpenFrame/lib/libezextfh.so.64.7_0_3_7
                          Status: SUCCESSFUL

Install File:             /opt/tmaxapp/OpenFrame/OpenFrame/lib/libeventpar.so.64.7_0_3_0
                          Status: SUCCESSFUL

Install File:             /opt/tmaxapp/OpenFrame/OpenFrame/lib/DSNTIAR.so
                          Status: SUCCESSFUL

Install File:             /opt/tmaxapp/OpenFrame/OpenFrame/lib/libsfzpolib.so.64.7_0_3_0
                          Status: SUCCESSFUL

Install File:             /opt/tmaxapp/OpenFrame/OpenFrame/lib/WAASABND.so
                          Status: SUCCESSFUL

Install File:             /opt/tmaxapp/OpenFrame/OpenFrame/lib/libofezaci.so.64.7_0_3_0
                          Status: SUCCESSFUL

Install File:             /opt/tmaxapp/OpenFrame/OpenFrame/lib/KSCONV.so
                          Status: SUCCESSFUL

Install File:             /opt/tmaxapp/OpenFrame/OpenFrame/lib/libmvssys.so.64.7_0_3_0
                          Status: SUCCESSFUL

Install File:             /opt/tmaxapp/OpenFrame/OpenFrame/lib/libintrdr.so.64.7_0_3_1
                          Status: SUCCESSFUL

Install File:             /opt/tmaxapp/OpenFrame/OpenFrame/lib/libofbwc.so.64.7_0_3_0
                          Status: SUCCESSFUL

Install File:             /opt/tmaxapp/OpenFrame/OpenFrame/lib/libpmsprt.so.64.7_0_3_1
                          Status: SUCCESSFUL

Install File:             /opt/tmaxapp/OpenFrame/OpenFrame/lib/libspool.so.64.7_0_3_25
                          Status: SUCCESSFUL

Install File:             /opt/tmaxapp/OpenFrame/OpenFrame/lib/libtsomap.so.64.7_0_3_0
                          Status: SUCCESSFUL

Install File:             /opt/tmaxapp/OpenFrame/OpenFrame/lib/libsteprpt.so.64.7_0_3_2
                          Status: SUCCESSFUL

Install File:             /opt/tmaxapp/OpenFrame/OpenFrame/lib/libssprt.so.64.7_0_3_1
                          Status: SUCCESSFUL

Install File:             /opt/tmaxapp/OpenFrame/OpenFrame/lib/WAASDSIF.so
                          Status: SUCCESSFUL

Install File:             /opt/tmaxapp/OpenFrame/OpenFrame/lib/libofbfile.so.64.7_0_3_0
                          Status: SUCCESSFUL

Install File:             /opt/tmaxapp/OpenFrame/OpenFrame/lib/libirdrprt.so.64.7_0_3_1
                          Status: SUCCESSFUL

Install File:             /opt/tmaxapp/OpenFrame/OpenFrame/lib/libtjesrsc.so.64.7_0_3_1
                          Status: SUCCESSFUL

Install File:             /opt/tmaxapp/OpenFrame/OpenFrame/lib/libjobattr.so.64.7_0_3_4
                          Status: SUCCESSFUL

Install File:             /opt/tmaxapp/OpenFrame/OpenFrame/lib/IGZEDT4.so
                          Status: SUCCESSFUL

Install File:             /opt/tmaxapp/OpenFrame/OpenFrame/lib/WAASDATE.so
                          Status: SUCCESSFUL

Install File:             /opt/tmaxapp/OpenFrame/OpenFrame/lib/libbspprt.so.64.7_0_3_1
                          Status: SUCCESSFUL

Install File:             /opt/tmaxapp/OpenFrame/OpenFrame/lib/libgem3.so.64.7_0_3_0
                          Status: SUCCESSFUL

Install File:             /opt/tmaxapp/OpenFrame/OpenFrame/lib/libjmcliout.so.64.7_0_3_1
                          Status: SUCCESSFUL

Install File:             /opt/tmaxapp/OpenFrame/OpenFrame/lib/liblrsprt.so.64.7_0_3_5
                          Status: SUCCESSFUL

Install File:             /opt/tmaxapp/OpenFrame/OpenFrame/lib/libjmcli.so.64.7_0_3_0
                          Status: SUCCESSFUL

Install File:             /opt/tmaxapp/OpenFrame/OpenFrame/lib/ILBOABN0.so
                          Status: SUCCESSFUL

Install File:             /opt/tmaxapp/OpenFrame/OpenFrame/lib/libobmezasock.so.64.7_0_3_1
                          Status: SUCCESSFUL

Install File:             /opt/tmaxapp/OpenFrame/OpenFrame/lib/IGZCA2D.so
                          Status: SUCCESSFUL

Install File:             /opt/tmaxapp/OpenFrame/OpenFrame/lib/libtjes.so.64.7_0_3_38
                          Status: SUCCESSFUL

Install File:             /opt/tmaxapp/OpenFrame/OpenFrame/lib/libofbgpar.so.64.7_0_3_0
                          Status: SUCCESSFUL

Install File:             /opt/tmaxapp/OpenFrame/OpenFrame/lib/libtjesrpt.so.64.7_0_3_3
                          Status: SUCCESSFUL

Install File:             /opt/tmaxapp/OpenFrame/OpenFrame/lib/libeventcli.so.64.7_0_3_0
                          Status: SUCCESSFUL

Install File:             /opt/tmaxapp/OpenFrame/OpenFrame/lib/libinfoprt.so.64.7_0_3_1
                          Status: SUCCESSFUL

Install File:             /opt/tmaxapp/OpenFrame/OpenFrame/scripts/create_batchlib.sh
                          Status: SUCCESSFUL

Install File:             /opt/tmaxapp/OpenFrame/OpenFrame/scripts/batch_link.sh
                          Status: SUCCESSFUL

Install File:             /opt/tmaxapp/OpenFrame/OpenFrame/scripts/create_userlib.sh
                          Status: SUCCESSFUL

Install File:             /opt/tmaxapp/OpenFrame/OpenFrame/scripts/create_templib.sh
                          Status: SUCCESSFUL

Install File:             /opt/tmaxapp/OpenFrame/OpenFrame/scripts/batch_init.sh
                          Status: SUCCESSFUL

Install File:             /opt/tmaxapp/OpenFrame/OpenFrame/scripts/uninst_batch.sh
                          Status: SUCCESSFUL

Install File:             /opt/tmaxapp/OpenFrame/OpenFrame/scripts/link_lib_batch.sh
                          Status: SUCCESSFUL

Install File:             /opt/tmaxapp/OpenFrame/OpenFrame/scripts/BatchLibList
                          Status: SUCCESSFUL

Install File:             /opt/tmaxapp/OpenFrame/OpenFrame/scripts/create_proclib.sh
                          Status: SUCCESSFUL

Install File:             /opt/tmaxapp/OpenFrame/OpenFrame/scripts/create_tjes.sh
                          Status: SUCCESSFUL

Install File:             /opt/tmaxapp/OpenFrame/OpenFrame/scripts/create_jcllib.sh
                          Status: SUCCESSFUL

Install File:             /opt/tmaxapp/OpenFrame/OpenFrame/bin/mvsver
                          Status: SUCCESSFUL

Install File:             /opt/tmaxapp/OpenFrame/OpenFrame/bin/tsomapgen
                          Status: SUCCESSFUL

Install File:             /opt/tmaxapp/OpenFrame/OpenFrame/bin/jclview
                          Status: SUCCESSFUL

Install File:             /opt/tmaxapp/OpenFrame/OpenFrame/bin/textrun
                          Status: SUCCESSFUL

Install File:             /opt/tmaxapp/OpenFrame/OpenFrame/bin/dlclean
                          Status: SUCCESSFUL

Install File:             /opt/tmaxapp/OpenFrame/OpenFrame/bin/prtrun
                          Status: SUCCESSFUL

Install File:             /opt/tmaxapp/OpenFrame/OpenFrame/bin/dlupdate
                          Status: SUCCESSFUL

Install File:             /opt/tmaxapp/OpenFrame/OpenFrame/bin/tjclrun
                          Status: SUCCESSFUL

Install File:             /opt/tmaxapp/OpenFrame/OpenFrame/bin/tjesinit
                          Status: SUCCESSFUL

Install File:             /opt/tmaxapp/OpenFrame/OpenFrame/bin/tjesmgr
                          Status: SUCCESSFUL

Install File:             /opt/tmaxapp/OpenFrame/OpenFrame/bin/batchinit
                          Status: SUCCESSFUL

Install File:             /opt/tmaxapp/OpenFrame/OpenFrame/data/INITPROC
                          Status: SUCCESSFUL

Install File:             /opt/tmaxapp/OpenFrame/OpenFrame/data/FIMPMAP
                          Status: SUCCESSFUL

Install File:             /opt/tmaxapp/OpenFrame/OpenFrame/data/MVSJCL
                          Status: SUCCESSFUL

Install File:             /opt/tmaxapp/OpenFrame/OpenFrame/data/NEWPASS
                          Status: SUCCESSFUL

Install File:             /opt/tmaxapp/OpenFrame/OpenFrame/data/FEXPMAP
                          Status: SUCCESSFUL

Install File:             /opt/tmaxapp/OpenFrame/OpenFrame/data/errcode_batch.msg
                          Status: SUCCESSFUL

Install File:             /opt/tmaxapp/OpenFrame/OpenFrame/data/LOGOFF
                          Status: SUCCESSFUL

Install File:             /opt/tmaxapp/OpenFrame/OpenFrame/data/LOGIN
                          Status: SUCCESSFUL

Install File:             /opt/tmaxapp/OpenFrame/OpenFrame/data/INIT
                          Status: SUCCESSFUL

Install File:             /opt/tmaxapp/OpenFrame/OpenFrame/core/config/oframe_batch.m
                          Status: SUCCESSFUL

Install File:             /opt/tmaxapp/OpenFrame/OpenFrame/core/appbin/obmjschd
                          Status: SUCCESSFUL

Install File:             /opt/tmaxapp/OpenFrame/OpenFrame/core/appbin/obmjmsvr
                          Status: SUCCESSFUL

Install File:             /opt/tmaxapp/OpenFrame/OpenFrame/core/appbin/obmtsmgr
                          Status: SUCCESSFUL

Install File:             /opt/tmaxapp/OpenFrame/OpenFrame/core/appbin/obmjtimr
                          Status: SUCCESSFUL

Install File:             /opt/tmaxapp/OpenFrame/OpenFrame/core/appbin/ofrpmsvr
                          Status: SUCCESSFUL

Install File:             /opt/tmaxapp/OpenFrame/OpenFrame/core/appbin/obmjspbk
                          Status: SUCCESSFUL

Install File:             /opt/tmaxapp/OpenFrame/OpenFrame/core/appbin/obmjhist
                          Status: SUCCESSFUL

Install File:             /opt/tmaxapp/OpenFrame/OpenFrame/core/appbin/obmnjgw
                          Status: SUCCESSFUL

Install File:             /opt/tmaxapp/OpenFrame/OpenFrame/core/appbin/obmjinit
                          Status: SUCCESSFUL

Install File:             /opt/tmaxapp/OpenFrame/OpenFrame/util/IEBCOPY
                          Status: SUCCESSFUL

Install File:             /opt/tmaxapp/OpenFrame/OpenFrame/util/IEHPROGM
                          Status: SUCCESSFUL

Install File:             /opt/tmaxapp/OpenFrame/OpenFrame/util/DVGXFOUT
                          Status: SUCCESSFUL

Install File:             /opt/tmaxapp/OpenFrame/OpenFrame/util/IEBPTPCH
                          Status: SUCCESSFUL

Install File:             /opt/tmaxapp/OpenFrame/OpenFrame/util/PGMRTS00
                          Status: SUCCESSFUL

Install File:             /opt/tmaxapp/OpenFrame/OpenFrame/util/IEBCOMPR
                          Status: SUCCESSFUL

Install File:             /opt/tmaxapp/OpenFrame/OpenFrame/util/ICEGENER
                          Status: SUCCESSFUL

Install File:             /opt/tmaxapp/OpenFrame/OpenFrame/util/IKJEFT1B
                          Status: SUCCESSFUL

Install File:             /opt/tmaxapp/OpenFrame/OpenFrame/util/IKJEFT1A
                          Status: SUCCESSFUL

Install File:             /opt/tmaxapp/OpenFrame/OpenFrame/util/DVGXFIN
                          Status: SUCCESSFUL

Install File:             /opt/tmaxapp/OpenFrame/OpenFrame/util/DSNTEP2
                          Status: SUCCESSFUL

Install File:             /opt/tmaxapp/OpenFrame/OpenFrame/util/IEBUPDTE
                          Status: SUCCESSFUL

Install File:             /opt/tmaxapp/OpenFrame/OpenFrame/util/ICETOOL
                          Status: SUCCESSFUL

Install File:             /opt/tmaxapp/OpenFrame/OpenFrame/util/IKJEFT01
                          Status: SUCCESSFUL

Install File:             /opt/tmaxapp/OpenFrame/OpenFrame/util/IEHLIST
                          Status: SUCCESSFUL

Install File:             /opt/tmaxapp/OpenFrame/OpenFrame/util/EZTPA00
                          Status: SUCCESSFUL

Install File:             /opt/tmaxapp/OpenFrame/OpenFrame/util/DFHJUP
                          Status: SUCCESSFUL

Install File:             /opt/tmaxapp/OpenFrame/OpenFrame/util/MTPBATCH
                          Status: SUCCESSFUL

Install File:             /opt/tmaxapp/OpenFrame/OpenFrame/util/IEBGENER
                          Status: SUCCESSFUL

Install File:             /opt/tmaxapp/OpenFrame/OpenFrame/util/DSDIFF
                          Status: SUCCESSFUL

Install File:             /opt/tmaxapp/OpenFrame/OpenFrame/util/IEBDG
                          Status: SUCCESSFUL

Install File:             /opt/tmaxapp/OpenFrame/OpenFrame/util/DSNTEP4
                          Status: SUCCESSFUL

Install File:             /opt/tmaxapp/OpenFrame/OpenFrame/util/FTP
                          Status: SUCCESSFUL

Install File:             /opt/tmaxapp/OpenFrame/OpenFrame/util/ADAPT
                          Status: SUCCESSFUL

Install File:             /opt/tmaxapp/OpenFrame/OpenFrame/util/DSNUTILB
                          Status: SUCCESSFUL

Install File:             /opt/tmaxapp/OpenFrame/OpenFrame/util/IDCAMS
                          Status: SUCCESSFUL

Install File:             /opt/tmaxapp/OpenFrame/OpenFrame/util/DFSORT
                          Status: SUCCESSFUL

Install File:             /opt/tmaxapp/OpenFrame/OpenFrame/util/IEBEDIT
                          Status: SUCCESSFUL

Install File:             /opt/tmaxapp/OpenFrame/OpenFrame/util/ISRSUPC
                          Status: SUCCESSFUL

Install File:             /opt/tmaxapp/OpenFrame/OpenFrame/util/SDSF
                          Status: SUCCESSFUL

Install File:             /opt/tmaxapp/OpenFrame/OpenFrame/util/IEFBR14
                          Status: SUCCESSFUL

Install File:             /opt/tmaxapp/OpenFrame/OpenFrame/util/IFASMFDP
                          Status: SUCCESSFUL

Install File:             /opt/tmaxapp/OpenFrame/OpenFrame/util/DSNTIAD
                          Status: SUCCESSFUL

Install File:             /opt/tmaxapp/OpenFrame/OpenFrame/util/ADRDSSU
                          Status: SUCCESSFUL

Move Folder:              Destination: /opt/tmaxapp/OpenFrame/
                          Status: SUCCESSFUL


Modify Text File - Single File:   No Target Chosen
                          Status: SUCCESSFUL

Modify Text File - Single File:   No Target Chosen
                          Status: SUCCESSFUL

Modify Text File - Single File:   No Target Chosen
                          Status: SUCCESSFUL

Modify Text File - Single File:   No Target Chosen
                          Status: SUCCESSFUL

Modify Text File - Single File:   No Target Chosen
                          Status: SUCCESSFUL

Modify Text File - Single File:   No Target Chosen
                          Status: SUCCESSFUL

Modify Text File - Single File:   No Target Chosen
                          Status: SUCCESSFUL

Modify Text File - Single File:   No Target Chosen
                          Status: SUCCESSFUL

Modify Text File - Single File:   No Target Chosen
                          Status: SUCCESSFUL

Modify Text File - Single File:   No Target Chosen
                          Status: SUCCESSFUL


Install Action:           InstallAnywhere Variables
                          Status: SUCCESSFUL

Execute Script/Batch file: CHECK SHELL
                          Status: SUCCESSFUL

Install Action:           InstallAnywhere Variable
                          Status: SUCCESSFUL

Install Action:           InstallAnywhere Variable
                          Status: SUCCESSFUL

Execute Script/Batch file: CHECK PROFILE
                          Status: SUCCESSFUL

Modify Text File - Single File:   No Target Chosen
                          Status: SUCCESSFUL

Execute Script/Batch file: append oframe.m
                          Status: SUCCESSFUL

Execute Script/Batch file: Create link_lib_batch Script
                          Status: SUCCESSFUL

Modify Text File - Single File:   script_batch.log
                          Status: SUCCESSFUL

Execute Script/Batch file: batchinit Start
                          Status: SUCCESSFUL

Modify Text File - Single File:   script_batch.log
                          Status: SUCCESSFUL

Execute Script/Batch file: create_jcllib.sh Script
                          Status: SUCCESSFUL

Modify Text File - Single File:   script_batch.log
                          Status: SUCCESSFUL

Execute Script/Batch file: create_proclib.sh Script
                          Status: SUCCESSFUL

Modify Text File - Single File:   script_batch.log
                          Status: SUCCESSFUL

Execute Script/Batch file: create_userlib.sh Script
                          Status: SUCCESSFUL

Modify Text File - Single File:   script_batch.log
                          Status: SUCCESSFUL

Execute Script/Batch file: create_templib.sh Script
                          Status: SUCCESSFUL

Modify Text File - Single File:   script_batch.log
                          Status: SUCCESSFUL

Execute Script/Batch file: batch_link Script
                          Status: SUCCESSFUL

Modify Text File - Single File:   script_batch.log
                          Status: SUCCESSFUL

Execute Script/Batch file: batch_init.sh script
                          Status: SUCCESSFUL

Modify Text File - Single File:   script_batch.log
                          Status: SUCCESSFUL

Modify Text File - Single File:   No Target Chosen
                          Status: SUCCESSFUL

