__________________________________________________________________________

Thu Oct 17 14:17:34 CDT 2019

Free Memory: 8522 kB
Total Memory: 24384 kB

2 Command Line Args:
0:  -m
1:  CONSOLE

java.class.path:
    /tmp/install.dir.30738/InstallerData
    /tmp/install.dir.30738/InstallerData/installer.zip

ZGUtil.CLASS_PATH:
    /tmp/install.dir.30738/InstallerData
    /tmp/install.dir.30738/InstallerData/installer.zip

sun.boot.class.path:
    /tmp/install.dir.30738/Linux/resource/jre/lib/resources.jar
    /tmp/install.dir.30738/Linux/resource/jre/lib/rt.jar
    /tmp/install.dir.30738/Linux/resource/jre/lib/sunrsasign.jar
    /tmp/install.dir.30738/Linux/resource/jre/lib/jsse.jar
    /tmp/install.dir.30738/Linux/resource/jre/lib/jce.jar
    /tmp/install.dir.30738/Linux/resource/jre/lib/charsets.jar
    /tmp/install.dir.30738/Linux/resource/jre/lib/jfr.jar
    /tmp/install.dir.30738/Linux/resource/jre/classes

java.ext.dirs:
    /tmp/install.dir.30738/Linux/resource/jre/lib/ext
    /usr/java/packages/lib/ext

java.version                  == 1.7.0_10 (Java 1)
java.vm.name                  == Java HotSpot(TM) 64-Bit Server VM
java.vm.vendor                == Oracle Corporation
java.vm.version               == 23.6-b04
java.vm.specification.name    == Java Virtual Machine Specification
java.vm.specification.vendor  == Oracle Corporation
java.vm.specification.version == 1.7
java.specification.name       == Java Platform API Specification
java.specification.vendor     == Oracle Corporation
java.specification.version    == 1.7
java.vendor                   == Oracle Corporation
java.vendor.url               == http://java.oracle.com/
java.class.version            == 51.0
java.compiler                 == null
java.home                     == /tmp/install.dir.30738/Linux/resource/jre
java.io.tmpdir                == /tmp
os.name                       == Linux
os.arch                       == amd64
os.version                    == 3.10.0-1062.1.2.el7.x86_64
path.separator                == :
file.separator                == /
file.encoding                 == UTF-8
user.name                     == oframe
user.home                     == /home/oframe
user.dir                      == /tmp/install.dir.30738
user.language                 == en
user.region                   == null
__________________________________________________________________________

Install Begin: Thu Oct 17 14:13:28 CDT 2019
Install End: Thu Oct 17 14:17:10 CDT 2019

Installed by InstallAnywhere 9.5 Enterprise Build 3532, by Macrovision


User Interactions
-----------------


#Choose Install Folder
#---------------------
USER_INSTALL_DIR=/opt/tmaxapp/OFCOBOL

#Directory Check
#---------------
CHOSEN_DIALOG_BUTTON=0

Summary
-------

Installation: Successful.

150 Successes
0 Warnings
0 NonFatalErrors
0 FatalErrors

Action Notes:

None

Install Log Detail:

Install Action:           HostInfo
                          Status: SUCCESSFUL

Install Action:           CutHostName
                          Status: SUCCESSFUL

Install Action:           InstallAnywhere Variable
                          Status: SUCCESSFUL

Install Action:           InstallAnywhere Variable
                          Status: SUCCESSFUL

Install Action:           InstallAnywhere Variable
                          Status: SUCCESSFUL

Install Action:           InstallAnywhere Variable
                          Status: SUCCESSFUL

Install Action:           InstallAnywhere Variables
                          Status: SUCCESSFUL

Install Action:           InstallAnywhere Variable
                          Status: SUCCESSFUL

Check Disk Space:         /opt/tmaxapp/OFCOBOL
                          Status: SUCCESSFUL
                          Additional Notes: NOTE - Required Disk Space: 267,418,477; Free Disk Space: 42,204,082,176

Install Directory:        /opt/tmaxapp/OFCOBOL/
                          Status: SUCCESSFUL
                          Additional Notes: NOTE - Directory already existed

Install Directory:        /opt/tmaxapp/OFCOBOL/UninstallerData/
                          Status: SUCCESSFUL

Install Directory:        /opt/tmaxapp/OFCOBOL/UninstallerData/OpenFrame_COBOL/
                          Status: SUCCESSFUL

Install Uninstaller:      OpenFrame_COBOL (Install All Uninstaller Components)
                          Status: SUCCESSFUL

Install Directory:        /opt/tmaxapp/OFCOBOL/UninstallerData/OpenFrame_COBOL/jre
                          Status: SUCCESSFUL

Install JRE:              /opt/tmaxapp/OFCOBOL/UninstallerData/OpenFrame_COBOL/jre
                          Status: SUCCESSFUL


Install File:             /opt/tmaxapp/OFCOBOL/UninstallerData/OpenFrame_COBOL/Uninstall.lax
                          Status: SUCCESSFUL

Install Uninstaller:      OpenFrame_COBOL (Install All Uninstaller Components)
                          Status: SUCCESSFUL

Install Directory:        /opt/tmaxapp/OFCOBOL/UninstallerData/log/
                          Status: SUCCESSFUL

Create Link:              /opt/tmaxapp/OFCOBOL/UninstallerData/Uninstall_OFCOBOL
                          Status: SUCCESSFUL

Install File:             /opt/tmaxapp/OFCOBOL/license/llvm/LICENSE.TXT
                          Status: SUCCESSFUL

Install File:             /opt/tmaxapp/OFCOBOL/license/jsoncpp/LICENSE
                          Status: SUCCESSFUL

Install File:             /opt/tmaxapp/OFCOBOL/license/decnumber/LICENSE
                          Status: SUCCESSFUL

Install File:             /opt/tmaxapp/OFCOBOL/bin/ofesqlpp
                          Status: SUCCESSFUL

Install File:             /opt/tmaxapp/OFCOBOL/bin/ofcbpp
                          Status: SUCCESSFUL

Install File:             /opt/tmaxapp/OFCOBOL/bin/ofcob
                          Status: SUCCESSFUL

Install File:             /opt/tmaxapp/OFCOBOL/bin/ofcbc
                          Status: SUCCESSFUL

Install File:             /opt/tmaxapp/OFCOBOL/bin/db2cbpp
                          Status: SUCCESSFUL

Install File:             /opt/tmaxapp/OFCOBOL/lib/libofesqlConverter.so
                          Status: SUCCESSFUL

Install File:             /opt/tmaxapp/OFCOBOL/lib/libofcompile.so
                          Status: SUCCESSFUL

Install File:             /opt/tmaxapp/OFCOBOL/lib/libofcobCodegen.so
                          Status: SUCCESSFUL

Install File:             /opt/tmaxapp/OFCOBOL/lib/libofcobAST.so
                          Status: SUCCESSFUL

Install File:             /opt/tmaxapp/OFCOBOL/lib/libofcobRTL.so
                          Status: SUCCESSFUL

Install File:             /opt/tmaxapp/OFCOBOL/lib/libofcobReportg.so
                          Status: SUCCESSFUL

Install File:             /opt/tmaxapp/OFCOBOL/lib/libofesqlAnalyzer.so
                          Status: SUCCESSFUL

Install File:             /opt/tmaxapp/OFCOBOL/lib/libofcobReport.so
                          Status: SUCCESSFUL

Install File:             /opt/tmaxapp/OFCOBOL/lib/libofcobAnalyzer.so
                          Status: SUCCESSFUL

Install File:             /opt/tmaxapp/OFCOBOL/lib/libunicobConvertAST.so
                          Status: SUCCESSFUL

Install File:             /opt/tmaxapp/OFCOBOL/lib/libofcobRTLg.so
                          Status: SUCCESSFUL

Install File:             /opt/tmaxapp/OFCOBOL/lib/libofcobDriver.so
                          Status: SUCCESSFUL

Install File:             /opt/tmaxapp/OFCOBOL/include/ofcobol.h
                          Status: SUCCESSFUL

Install Directory:        /opt/tmaxapp/OFCOBOL/llvm/
                          Status: SUCCESSFUL

Install Directory:        /opt/tmaxapp/OFCOBOL/llvm/bin/
                          Status: SUCCESSFUL

Install File:             /opt/tmaxapp/OFCOBOL/llvm/bin/bugpoint
                          Status: SUCCESSFUL

Install File:             /opt/tmaxapp/OFCOBOL/llvm/bin/llc
                          Status: SUCCESSFUL

Install File:             /opt/tmaxapp/OFCOBOL/llvm/bin/lli
                          Status: SUCCESSFUL

Install File:             /opt/tmaxapp/OFCOBOL/llvm/bin/lli-child-target
                          Status: SUCCESSFUL

Install File:             /opt/tmaxapp/OFCOBOL/llvm/bin/llvm-ar
                          Status: SUCCESSFUL

Install File:             /opt/tmaxapp/OFCOBOL/llvm/bin/llvm-as
                          Status: SUCCESSFUL

Install File:             /opt/tmaxapp/OFCOBOL/llvm/bin/llvm-bcanalyzer
                          Status: SUCCESSFUL

Install File:             /opt/tmaxapp/OFCOBOL/llvm/bin/llvm-c-test
                          Status: SUCCESSFUL

Install File:             /opt/tmaxapp/OFCOBOL/llvm/bin/llvm-config
                          Status: SUCCESSFUL

Install File:             /opt/tmaxapp/OFCOBOL/llvm/bin/llvm-cov
                          Status: SUCCESSFUL

Install File:             /opt/tmaxapp/OFCOBOL/llvm/bin/llvm-diff
                          Status: SUCCESSFUL

Install File:             /opt/tmaxapp/OFCOBOL/llvm/bin/llvm-dis
                          Status: SUCCESSFUL

Install File:             /opt/tmaxapp/OFCOBOL/llvm/bin/llvm-dwarfdump
                          Status: SUCCESSFUL

Install File:             /opt/tmaxapp/OFCOBOL/llvm/bin/llvm-extract
                          Status: SUCCESSFUL

Install File:             /opt/tmaxapp/OFCOBOL/llvm/bin/llvm-link
                          Status: SUCCESSFUL

Install File:             /opt/tmaxapp/OFCOBOL/llvm/bin/llvm-lto
                          Status: SUCCESSFUL

Install File:             /opt/tmaxapp/OFCOBOL/llvm/bin/llvm-mc
                          Status: SUCCESSFUL

Install File:             /opt/tmaxapp/OFCOBOL/llvm/bin/llvm-mcmarkup
                          Status: SUCCESSFUL

Install File:             /opt/tmaxapp/OFCOBOL/llvm/bin/llvm-nm
                          Status: SUCCESSFUL

Install File:             /opt/tmaxapp/OFCOBOL/llvm/bin/llvm-objdump
                          Status: SUCCESSFUL

Install File:             /opt/tmaxapp/OFCOBOL/llvm/bin/llvm-readobj
                          Status: SUCCESSFUL

Install File:             /opt/tmaxapp/OFCOBOL/llvm/bin/llvm-rtdyld
                          Status: SUCCESSFUL

Install File:             /opt/tmaxapp/OFCOBOL/llvm/bin/llvm-size
                          Status: SUCCESSFUL

Install File:             /opt/tmaxapp/OFCOBOL/llvm/bin/llvm-stress
                          Status: SUCCESSFUL

Install File:             /opt/tmaxapp/OFCOBOL/llvm/bin/llvm-symbolizer
                          Status: SUCCESSFUL

Install File:             /opt/tmaxapp/OFCOBOL/llvm/bin/llvm-tblgen
                          Status: SUCCESSFUL

Install File:             /opt/tmaxapp/OFCOBOL/llvm/bin/macho-dump
                          Status: SUCCESSFUL

Install File:             /opt/tmaxapp/OFCOBOL/llvm/bin/opt
                          Status: SUCCESSFUL

Install File:             /opt/tmaxapp/OFCOBOL/llvm/lib/libLLVMLinker.so
                          Status: SUCCESSFUL

Install File:             /opt/tmaxapp/OFCOBOL/llvm/lib/libLLVMX86Desc.so
                          Status: SUCCESSFUL

Install File:             /opt/tmaxapp/OFCOBOL/llvm/lib/libLLVMObject.so
                          Status: SUCCESSFUL

Install File:             /opt/tmaxapp/OFCOBOL/llvm/lib/libLLVMTransformUtils.so
                          Status: SUCCESSFUL

Install File:             /opt/tmaxapp/OFCOBOL/llvm/lib/libLLVMSupport.so
                          Status: SUCCESSFUL

Install File:             /opt/tmaxapp/OFCOBOL/llvm/lib/libLLVMExecutionEngine.so
                          Status: SUCCESSFUL

Install File:             /opt/tmaxapp/OFCOBOL/llvm/lib/libLLVMX86Disassembler.so
                          Status: SUCCESSFUL

Install File:             /opt/tmaxapp/OFCOBOL/llvm/lib/libLLVMJIT.so
                          Status: SUCCESSFUL

Install File:             /opt/tmaxapp/OFCOBOL/llvm/lib/libLLVMDebugInfo.so
                          Status: SUCCESSFUL

Install File:             /opt/tmaxapp/OFCOBOL/llvm/lib/libLLVMipa.so
                          Status: SUCCESSFUL

Install File:             /opt/tmaxapp/OFCOBOL/llvm/lib/libLLVMSelectionDAG.so
                          Status: SUCCESSFUL

Install File:             /opt/tmaxapp/OFCOBOL/llvm/lib/libLLVMX86Info.so
                          Status: SUCCESSFUL

Install File:             /opt/tmaxapp/OFCOBOL/llvm/lib/libLLVMMCDisassembler.so
                          Status: SUCCESSFUL

Install File:             /opt/tmaxapp/OFCOBOL/llvm/lib/libLLVMMC.so
                          Status: SUCCESSFUL

Install File:             /opt/tmaxapp/OFCOBOL/llvm/lib/libLLVMOption.so
                          Status: SUCCESSFUL

Install File:             /opt/tmaxapp/OFCOBOL/llvm/lib/libLLVMTarget.so
                          Status: SUCCESSFUL

Install File:             /opt/tmaxapp/OFCOBOL/llvm/lib/libLLVMX86Utils.so
                          Status: SUCCESSFUL

Install File:             /opt/tmaxapp/OFCOBOL/llvm/lib/BugpointPasses.so
                          Status: SUCCESSFUL

Install File:             /opt/tmaxapp/OFCOBOL/llvm/lib/libLLVMMCParser.so
                          Status: SUCCESSFUL

Install File:             /opt/tmaxapp/OFCOBOL/llvm/lib/libgtest.so
                          Status: SUCCESSFUL

Install File:             /opt/tmaxapp/OFCOBOL/llvm/lib/libLLVMObjCARCOpts.so
                          Status: SUCCESSFUL

Install File:             /opt/tmaxapp/OFCOBOL/llvm/lib/libLLVMCodeGen.so
                          Status: SUCCESSFUL

Install File:             /opt/tmaxapp/OFCOBOL/llvm/lib/libgtest_main.so
                          Status: SUCCESSFUL

Install File:             /opt/tmaxapp/OFCOBOL/llvm/lib/libLLVMBitReader.so
                          Status: SUCCESSFUL

Install File:             /opt/tmaxapp/OFCOBOL/llvm/lib/libLLVMX86AsmParser.so
                          Status: SUCCESSFUL

Install File:             /opt/tmaxapp/OFCOBOL/llvm/lib/libLLVMInstrumentation.so
                          Status: SUCCESSFUL

Install File:             /opt/tmaxapp/OFCOBOL/llvm/lib/libLLVMScalarOpts.so
                          Status: SUCCESSFUL

Install File:             /opt/tmaxapp/OFCOBOL/llvm/lib/libLLVMBitWriter.so
                          Status: SUCCESSFUL

Install File:             /opt/tmaxapp/OFCOBOL/llvm/lib/libLLVMAsmPrinter.so
                          Status: SUCCESSFUL

Install File:             /opt/tmaxapp/OFCOBOL/llvm/lib/libLLVMIRReader.so
                          Status: SUCCESSFUL

Install File:             /opt/tmaxapp/OFCOBOL/llvm/lib/libLLVMipo.so
                          Status: SUCCESSFUL

Install File:             /opt/tmaxapp/OFCOBOL/llvm/lib/libLLVMInstCombine.so
                          Status: SUCCESSFUL

Install File:             /opt/tmaxapp/OFCOBOL/llvm/lib/libLLVMAsmParser.so
                          Status: SUCCESSFUL

Install File:             /opt/tmaxapp/OFCOBOL/llvm/lib/libLLVMAnalysis.so
                          Status: SUCCESSFUL

Install File:             /opt/tmaxapp/OFCOBOL/llvm/lib/libLLVMVectorize.so
                          Status: SUCCESSFUL

Install File:             /opt/tmaxapp/OFCOBOL/llvm/lib/libLLVMInterpreter.so
                          Status: SUCCESSFUL

Install File:             /opt/tmaxapp/OFCOBOL/llvm/lib/libLTO.so
                          Status: SUCCESSFUL

Install File:             /opt/tmaxapp/OFCOBOL/llvm/lib/libLLVMMCJIT.so
                          Status: SUCCESSFUL

Install File:             /opt/tmaxapp/OFCOBOL/llvm/lib/LLVMHello.so
                          Status: SUCCESSFUL

Install File:             /opt/tmaxapp/OFCOBOL/llvm/lib/libLLVMLTO.so
                          Status: SUCCESSFUL

Install File:             /opt/tmaxapp/OFCOBOL/llvm/lib/libLLVMRuntimeDyld.so
                          Status: SUCCESSFUL

Install File:             /opt/tmaxapp/OFCOBOL/llvm/lib/libLLVMTableGen.so
                          Status: SUCCESSFUL

Install File:             /opt/tmaxapp/OFCOBOL/llvm/lib/libLLVMX86CodeGen.so
                          Status: SUCCESSFUL

Install File:             /opt/tmaxapp/OFCOBOL/llvm/lib/libLLVMX86AsmPrinter.so
                          Status: SUCCESSFUL

Install File:             /opt/tmaxapp/OFCOBOL/llvm/lib/libLLVMCore.so
                          Status: SUCCESSFUL

Install Directory:        /opt/tmaxapp/OFCOBOL/cobolparser/
                          Status: SUCCESSFUL

Install File:             /opt/tmaxapp/OFCOBOL/cobolparser/bin/unicobinfo
                          Status: SUCCESSFUL

Install Directory:        /opt/tmaxapp/OFCOBOL/cobolparser/lib/
                          Status: SUCCESSFUL

Install File:             /opt/tmaxapp/OFCOBOL/cobolparser/lib/libunicobEmitSource.so
                          Status: SUCCESSFUL

Install File:             /opt/tmaxapp/OFCOBOL/cobolparser/lib/libunicobParser.so
                          Status: SUCCESSFUL

Install File:             /opt/tmaxapp/OFCOBOL/cobolparser/lib/libunicobParseTree.so
                          Status: SUCCESSFUL

Install File:             /opt/tmaxapp/OFCOBOL/cobolparser/lib/libunicobPreParser.so
                          Status: SUCCESSFUL

Install File:             /opt/tmaxapp/OFCOBOL/cobolparser/lib/libunicobSizeCalculator.so
                          Status: SUCCESSFUL

Install File:             /opt/tmaxapp/OFCOBOL/cobolparser/lib/libunicobStructureMaker.so
                          Status: SUCCESSFUL

Install File:             /opt/tmaxapp/OFCOBOL/cobolparser/lib/libunicobVariableResolver.so
                          Status: SUCCESSFUL

Install File:             /opt/tmaxapp/OFCOBOL/cobolparser/lib/libunicobXMLHandler.so
                          Status: SUCCESSFUL

Install File:             /opt/tmaxapp/OFCOBOL/cobolparser/lib/libunicobXMLOfMiner.so
                          Status: SUCCESSFUL

Install File:             /opt/tmaxapp/OFCOBOL/cobolparser/lib/libIGYCRCTL.so
                          Status: SUCCESSFUL

Install File:             /opt/tmaxapp/OFCOBOL/cobolparser/lib/libunicobSqlAnalyzer.so
                          Status: SUCCESSFUL

Install Directory:        /opt/tmaxapp/OFCOBOL/config/
                          Status: SUCCESSFUL

Install File:             /opt/tmaxapp/OFCOBOL/config/compile.conf
                          Status: SUCCESSFUL

Install Directory:        /opt/tmaxapp/OFCOBOL/sample/
                          Status: SUCCESSFUL

Install File:             /opt/tmaxapp/OFCOBOL/sample/Makefile
                          Status: SUCCESSFUL

Install File:             /opt/tmaxapp/OFCOBOL/sample/SAMPLE.cob
                          Status: SUCCESSFUL

Set Environment Variable: OFCOB_HOME = /opt/tmaxapp/OFCOBOL
                          Status: SUCCESSFUL

Set Environment Variable: COBPARSER_HOME = $OFCOB_HOME/cobolparser
                          Status: SUCCESSFUL

Set Environment Variable: LLVM_HOME = $OFCOB_HOME/llvm
                          Status: SUCCESSFUL

Set Environment Variable: PATH = $OFCOB_HOME/bin:$COBPARSER_HOME/bin:$LLVM_HOME/bin
                          Status: SUCCESSFUL

Set Environment Variable: LD_LIBRARY_PATH = $OFCOB_HOME/lib:$COBPARSER_HOME/lib:$LLVM_HOME/lib
                          Status: SUCCESSFUL

Set Environment Variable: OFCOBCPY = $OFCOB_HOME/copybook
                          Status: SUCCESSFUL


Install Action:           InstallAnywhere Variables
                          Status: SUCCESSFUL

Execute Script/Batch file: CHECK SHELL
                          Status: SUCCESSFUL

Install Action:           InstallAnywhere Variable
                          Status: SUCCESSFUL

Install Action:           InstallAnywhere Variable
                          Status: SUCCESSFUL

Install Action:           InstallAnywhere Variable
                          Status: SUCCESSFUL

Execute Script/Batch file: profile
                          Status: SUCCESSFUL

Execute Script/Batch file: bash_profile
                          Status: SUCCESSFUL

Execute Script/Batch file: CHECK PROFILE
                          Status: SUCCESSFUL

