__________________________________________________________________________

Thu Oct 17 14:29:32 CDT 2019

Free Memory: 11898 kB
Total Memory: 23616 kB

2 Command Line Args:
0:  -m
1:  CONSOLE

java.class.path:
    /tmp/install.dir.574/InstallerData
    /tmp/install.dir.574/InstallerData/installer.zip

ZGUtil.CLASS_PATH:
    /tmp/install.dir.574/InstallerData
    /tmp/install.dir.574/InstallerData/installer.zip

sun.boot.class.path:
    /tmp/install.dir.574/Linux/resource/jre/lib/resources.jar
    /tmp/install.dir.574/Linux/resource/jre/lib/rt.jar
    /tmp/install.dir.574/Linux/resource/jre/lib/sunrsasign.jar
    /tmp/install.dir.574/Linux/resource/jre/lib/jsse.jar
    /tmp/install.dir.574/Linux/resource/jre/lib/jce.jar
    /tmp/install.dir.574/Linux/resource/jre/lib/charsets.jar
    /tmp/install.dir.574/Linux/resource/jre/lib/jfr.jar
    /tmp/install.dir.574/Linux/resource/jre/classes

java.ext.dirs:
    /tmp/install.dir.574/Linux/resource/jre/lib/ext
    /usr/java/packages/lib/ext

java.version                  == 1.7.0_10 (Java 1)
java.vm.name                  == Java HotSpot(TM) 64-Bit Server VM
java.vm.vendor                == Oracle Corporation
java.vm.version               == 23.6-b04
java.vm.specification.name    == Java Virtual Machine Specification
java.vm.specification.vendor  == Oracle Corporation
java.vm.specification.version == 1.7
java.specification.name       == Java Platform API Specification
java.specification.vendor     == Oracle Corporation
java.specification.version    == 1.7
java.vendor                   == Oracle Corporation
java.vendor.url               == http://java.oracle.com/
java.class.version            == 51.0
java.compiler                 == null
java.home                     == /tmp/install.dir.574/Linux/resource/jre
java.io.tmpdir                == /tmp
os.name                       == Linux
os.arch                       == amd64
os.version                    == 3.10.0-1062.1.2.el7.x86_64
path.separator                == :
file.separator                == /
file.encoding                 == UTF-8
user.name                     == oframe
user.home                     == /home/oframe
user.dir                      == /tmp/install.dir.574
user.language                 == en
user.region                   == null
__________________________________________________________________________

Install Begin: Thu Oct 17 14:28:34 CDT 2019
Install End: Thu Oct 17 14:29:13 CDT 2019

Installed by InstallAnywhere 9.5 Enterprise Build 3532, by Macrovision


User Interactions
-----------------


#Choose Install Folder
#---------------------
USER_INSTALL_DIR=/opt/tmaxapp/OFPLI

#Directory Check
#---------------
CHOSEN_DIALOG_BUTTON=0

Summary
-------

Installation: Successful.

136 Successes
0 Warnings
0 NonFatalErrors
0 FatalErrors

Action Notes:

None

Install Log Detail:

Install Action:           HostInfo
                          Status: SUCCESSFUL

Install Action:           CutHostName
                          Status: SUCCESSFUL

Install Action:           InstallAnywhere Variable
                          Status: SUCCESSFUL

Install Action:           InstallAnywhere Variable
                          Status: SUCCESSFUL

Install Action:           InstallAnywhere Variable
                          Status: SUCCESSFUL

Install Action:           InstallAnywhere Variable
                          Status: SUCCESSFUL

Install Action:           InstallAnywhere Variables
                          Status: SUCCESSFUL

Install Action:           InstallAnywhere Variable
                          Status: SUCCESSFUL

Check Disk Space:         /opt/tmaxapp/OFPLI
                          Status: SUCCESSFUL
                          Additional Notes: NOTE - Required Disk Space: 829,439,722; Free Disk Space: 41,818,136,576

Install Directory:        /opt/tmaxapp/OFPLI/
                          Status: SUCCESSFUL
                          Additional Notes: NOTE - Directory already existed

Install Directory:        /opt/tmaxapp/OFPLI/UninstallerData/
                          Status: SUCCESSFUL

Install Directory:        /opt/tmaxapp/OFPLI/UninstallerData/OpenFrame_PLI/
                          Status: SUCCESSFUL

Install Uninstaller:      OpenFrame_PLI (Install All Uninstaller Components)
                          Status: SUCCESSFUL

Install Directory:        /opt/tmaxapp/OFPLI/UninstallerData/OpenFrame_PLI/jre
                          Status: SUCCESSFUL

Install JRE:              /opt/tmaxapp/OFPLI/UninstallerData/OpenFrame_PLI/jre
                          Status: SUCCESSFUL


Install File:             /opt/tmaxapp/OFPLI/UninstallerData/OpenFrame_PLI/Uninstall.lax
                          Status: SUCCESSFUL

Install Uninstaller:      OpenFrame_PLI (Install All Uninstaller Components)
                          Status: SUCCESSFUL

Install Directory:        /opt/tmaxapp/OFPLI/UninstallerData/log/
                          Status: SUCCESSFUL

Create Link:              /opt/tmaxapp/OFPLI/UninstallerData/Uninstall_OFPLI
                          Status: SUCCESSFUL

Install File:             /opt/tmaxapp/OFPLI/bin/llvm-pdbdump
                          Status: SUCCESSFUL

Install File:             /opt/tmaxapp/OFPLI/bin/llvm-bcanalyzer
                          Status: SUCCESSFUL

Install File:             /opt/tmaxapp/OFPLI/bin/llvm-nm
                          Status: SUCCESSFUL

Install File:             /opt/tmaxapp/OFPLI/bin/verify-uselistorder
                          Status: SUCCESSFUL

Install File:             /opt/tmaxapp/OFPLI/bin/llvm-objdump
                          Status: SUCCESSFUL

Install File:             /opt/tmaxapp/OFPLI/bin/sancov
                          Status: SUCCESSFUL

Install File:             /opt/tmaxapp/OFPLI/bin/llvm-config
                          Status: SUCCESSFUL

Install File:             /opt/tmaxapp/OFPLI/bin/llvm-profdata
                          Status: SUCCESSFUL

Install File:             /opt/tmaxapp/OFPLI/bin/ofplimp
                          Status: SUCCESSFUL

Install File:             /opt/tmaxapp/OFPLI/bin/llvm-rtdyld
                          Status: SUCCESSFUL

Install File:             /opt/tmaxapp/OFPLI/bin/llvm-size
                          Status: SUCCESSFUL

Install File:             /opt/tmaxapp/OFPLI/bin/llvm-diff
                          Status: SUCCESSFUL

Install File:             /opt/tmaxapp/OFPLI/bin/llvm-split
                          Status: SUCCESSFUL

Install File:             /opt/tmaxapp/OFPLI/bin/llvm-cov
                          Status: SUCCESSFUL

Install File:             /opt/tmaxapp/OFPLI/bin/lli
                          Status: SUCCESSFUL

Install File:             /opt/tmaxapp/OFPLI/bin/opt
                          Status: SUCCESSFUL

Install File:             /opt/tmaxapp/OFPLI/bin/ofplic
                          Status: SUCCESSFUL

Install File:             /opt/tmaxapp/OFPLI/bin/llvm-link
                          Status: SUCCESSFUL

Install File:             /opt/tmaxapp/OFPLI/bin/llvm-c-test
                          Status: SUCCESSFUL

Install File:             /opt/tmaxapp/OFPLI/bin/llvm-as
                          Status: SUCCESSFUL

Install File:             /opt/tmaxapp/OFPLI/bin/llvm-cxxdump
                          Status: SUCCESSFUL

Install File:             /opt/tmaxapp/OFPLI/bin/llvm-dwarfdump
                          Status: SUCCESSFUL

Install File:             /opt/tmaxapp/OFPLI/bin/llc
                          Status: SUCCESSFUL

Install File:             /opt/tmaxapp/OFPLI/bin/llvm-dwp
                          Status: SUCCESSFUL

Install File:             /opt/tmaxapp/OFPLI/bin/llvm-tblgen
                          Status: SUCCESSFUL

Install File:             /opt/tmaxapp/OFPLI/bin/llvm-extract
                          Status: SUCCESSFUL

Install File:             /opt/tmaxapp/OFPLI/bin/llvm-stress
                          Status: SUCCESSFUL

Install File:             /opt/tmaxapp/OFPLI/bin/llvm-dsymutil
                          Status: SUCCESSFUL

Install File:             /opt/tmaxapp/OFPLI/bin/ofplipp
                          Status: SUCCESSFUL

Install File:             /opt/tmaxapp/OFPLI/bin/llvm-symbolizer
                          Status: SUCCESSFUL

Install File:             /opt/tmaxapp/OFPLI/bin/llvm-readobj
                          Status: SUCCESSFUL

Install File:             /opt/tmaxapp/OFPLI/bin/ofpli
                          Status: SUCCESSFUL

Install File:             /opt/tmaxapp/OFPLI/bin/llvm-dis
                          Status: SUCCESSFUL

Install File:             /opt/tmaxapp/OFPLI/include/oracle/SQLCA
                          Status: SUCCESSFUL

Install File:             /opt/tmaxapp/OFPLI/include/DFHBMSCA
                          Status: SUCCESSFUL

Install File:             /opt/tmaxapp/OFPLI/include/tibero/SQLCA
                          Status: SUCCESSFUL

Install File:             /opt/tmaxapp/OFPLI/include/DFHAID
                          Status: SUCCESSFUL

Install File:             /opt/tmaxapp/OFPLI/lib/libofpliCodegen.so
                          Status: SUCCESSFUL

Install File:             /opt/tmaxapp/OFPLI/lib/libLLVMLinker.so
                          Status: SUCCESSFUL

Install File:             /opt/tmaxapp/OFPLI/lib/libLLVMX86Desc.so
                          Status: SUCCESSFUL

Install File:             /opt/tmaxapp/OFPLI/lib/libLLVMObject.so
                          Status: SUCCESSFUL

Install File:             /opt/tmaxapp/OFPLI/lib/libLLVMTransformUtils.so
                          Status: SUCCESSFUL

Install File:             /opt/tmaxapp/OFPLI/lib/libofpliRTL.so
                          Status: SUCCESSFUL

Install File:             /opt/tmaxapp/OFPLI/lib/libLLVMSupport.so
                          Status: SUCCESSFUL

Install File:             /opt/tmaxapp/OFPLI/lib/libLLVMExecutionEngine.so
                          Status: SUCCESSFUL

Install File:             /opt/tmaxapp/OFPLI/lib/libofpliParser.so
                          Status: SUCCESSFUL

Install File:             /opt/tmaxapp/OFPLI/lib/libLLVMDebugInfoCodeView.so
                          Status: SUCCESSFUL

Install File:             /opt/tmaxapp/OFPLI/lib/libLLVMDebugInfoDWARF.so
                          Status: SUCCESSFUL

Install File:             /opt/tmaxapp/OFPLI/lib/libofpliMPParser.so
                          Status: SUCCESSFUL

Install File:             /opt/tmaxapp/OFPLI/lib/libofpliPPAnalyzer.so
                          Status: SUCCESSFUL

Install File:             /opt/tmaxapp/OFPLI/lib/libLLVMX86Disassembler.so
                          Status: SUCCESSFUL

Install File:             /opt/tmaxapp/OFPLI/lib/libLLVMDebugInfoPDB.so
                          Status: SUCCESSFUL

Install File:             /opt/tmaxapp/OFPLI/lib/libofpliCICSInterpreter.so
                          Status: SUCCESSFUL

Install File:             /opt/tmaxapp/OFPLI/lib/libofpliAnalyzer.so
                          Status: SUCCESSFUL

Install File:             /opt/tmaxapp/OFPLI/lib/libLLVMSelectionDAG.so
                          Status: SUCCESSFUL

Install File:             /opt/tmaxapp/OFPLI/lib/libLLVMX86Info.so
                          Status: SUCCESSFUL

Install File:             /opt/tmaxapp/OFPLI/lib/libLLVMMCDisassembler.so
                          Status: SUCCESSFUL

Install File:             /opt/tmaxapp/OFPLI/lib/libofpliErrManage.so
                          Status: SUCCESSFUL

Install File:             /opt/tmaxapp/OFPLI/lib/libLLVMMC.so
                          Status: SUCCESSFUL

Install File:             /opt/tmaxapp/OFPLI/lib/libLLVMLibDriver.so
                          Status: SUCCESSFUL

Install File:             /opt/tmaxapp/OFPLI/lib/libLLVMOption.so
                          Status: SUCCESSFUL

Install File:             /opt/tmaxapp/OFPLI/lib/libLLVMTarget.so
                          Status: SUCCESSFUL

Install File:             /opt/tmaxapp/OFPLI/lib/libLLVMX86Utils.so
                          Status: SUCCESSFUL

Install File:             /opt/tmaxapp/OFPLI/lib/libLLVMPasses.so
                          Status: SUCCESSFUL

Install File:             /opt/tmaxapp/OFPLI/lib/libLLVMMCParser.so
                          Status: SUCCESSFUL

Install File:             /opt/tmaxapp/OFPLI/lib/libLLVMObjCARCOpts.so
                          Status: SUCCESSFUL

Install File:             /opt/tmaxapp/OFPLI/lib/libLLVMCodeGen.so
                          Status: SUCCESSFUL

Install File:             /opt/tmaxapp/OFPLI/lib/libLLVMBitReader.so
                          Status: SUCCESSFUL

Install File:             /opt/tmaxapp/OFPLI/lib/libofpliMPInterpreter.so
                          Status: SUCCESSFUL

Install File:             /opt/tmaxapp/OFPLI/lib/libLLVMX86AsmParser.so
                          Status: SUCCESSFUL

Install File:             /opt/tmaxapp/OFPLI/lib/libLLVMInstrumentation.so
                          Status: SUCCESSFUL

Install File:             /opt/tmaxapp/OFPLI/lib/libLLVMScalarOpts.so
                          Status: SUCCESSFUL

Install File:             /opt/tmaxapp/OFPLI/lib/libLLVMBitWriter.so
                          Status: SUCCESSFUL

Install File:             /opt/tmaxapp/OFPLI/lib/libLLVMAsmPrinter.so
                          Status: SUCCESSFUL

Install File:             /opt/tmaxapp/OFPLI/lib/libLLVMProfileData.so
                          Status: SUCCESSFUL

Install File:             /opt/tmaxapp/OFPLI/lib/libLLVMIRReader.so
                          Status: SUCCESSFUL

Install File:             /opt/tmaxapp/OFPLI/lib/libLLVMipo.so
                          Status: SUCCESSFUL

Install File:             /opt/tmaxapp/OFPLI/lib/libofpliDriver.so
                          Status: SUCCESSFUL

Install File:             /opt/tmaxapp/OFPLI/lib/libLLVMInstCombine.so
                          Status: SUCCESSFUL

Install File:             /opt/tmaxapp/OFPLI/lib/libLLVMAsmParser.so
                          Status: SUCCESSFUL

Install File:             /opt/tmaxapp/OFPLI/lib/libLLVMAnalysis.so
                          Status: SUCCESSFUL

Install File:             /opt/tmaxapp/OFPLI/lib/libofpliPPParser.so
                          Status: SUCCESSFUL

Install File:             /opt/tmaxapp/OFPLI/lib/libLLVMVectorize.so
                          Status: SUCCESSFUL

Install File:             /opt/tmaxapp/OFPLI/lib/libLLVMInterpreter.so
                          Status: SUCCESSFUL

Install File:             /opt/tmaxapp/OFPLI/lib/libLLVMMIRParser.so
                          Status: SUCCESSFUL

Install File:             /opt/tmaxapp/OFPLI/lib/libofpliAST.so
                          Status: SUCCESSFUL

Install File:             /opt/tmaxapp/OFPLI/lib/libofpliMPAnalyzer.so
                          Status: SUCCESSFUL

Install File:             /opt/tmaxapp/OFPLI/lib/libLLVMMCJIT.so
                          Status: SUCCESSFUL

Install File:             /opt/tmaxapp/OFPLI/lib/libLLVMLineEditor.so
                          Status: SUCCESSFUL

Install File:             /opt/tmaxapp/OFPLI/lib/libofpliTBInterpreter.so
                          Status: SUCCESSFUL

Install File:             /opt/tmaxapp/OFPLI/lib/libLLVMSymbolize.so
                          Status: SUCCESSFUL

Install File:             /opt/tmaxapp/OFPLI/lib/libofpliPPParseTree.so
                          Status: SUCCESSFUL

Install File:             /opt/tmaxapp/OFPLI/lib/libofpliMPAST.so
                          Status: SUCCESSFUL

Install File:             /opt/tmaxapp/OFPLI/lib/libLLVMLTO.so
                          Status: SUCCESSFUL

Install File:             /opt/tmaxapp/OFPLI/lib/libofpliPPVisitor.so
                          Status: SUCCESSFUL

Install File:             /opt/tmaxapp/OFPLI/lib/libLLVMRuntimeDyld.so
                          Status: SUCCESSFUL

Install File:             /opt/tmaxapp/OFPLI/lib/libLLVMTableGen.so
                          Status: SUCCESSFUL

Install File:             /opt/tmaxapp/OFPLI/lib/libLLVMX86CodeGen.so
                          Status: SUCCESSFUL

Install File:             /opt/tmaxapp/OFPLI/lib/libLLVMX86AsmPrinter.so
                          Status: SUCCESSFUL

Install File:             /opt/tmaxapp/OFPLI/lib/libLLVMOrcJIT.so
                          Status: SUCCESSFUL

Install File:             /opt/tmaxapp/OFPLI/lib/libLLVMCore.so
                          Status: SUCCESSFUL

Install File:             /opt/tmaxapp/OFPLI/license/LICENSE.TXT
                          Status: SUCCESSFUL

Install Directory:        /opt/tmaxapp/OFPLI/temp/
                          Status: SUCCESSFUL

Install File:             /opt/tmaxapp/OFPLI/temp/SAMPLE.pli
                          Status: SUCCESSFUL

Set Environment Variable: OFPLI_HOME = /opt/tmaxapp/OFPLI
                          Status: SUCCESSFUL

Set Environment Variable: PATH = $OFPLI_HOME/bin:
                          Status: SUCCESSFUL

Set Environment Variable: LD_LIBRARY_PATH = $OFPLI_HOME/lib
                          Status: SUCCESSFUL


Install Action:           InstallAnywhere Variables
                          Status: SUCCESSFUL

Execute Script/Batch file: CHECK SHELL
                          Status: SUCCESSFUL

Install Action:           InstallAnywhere Variable
                          Status: SUCCESSFUL

Install Action:           InstallAnywhere Variable
                          Status: SUCCESSFUL

Install Action:           InstallAnywhere Variable
                          Status: SUCCESSFUL

Execute Script/Batch file: profile
                          Status: SUCCESSFUL

Execute Script/Batch file: bash_profile
                          Status: SUCCESSFUL

Execute Script/Batch file: CHECK PROFILE
                          Status: SUCCESSFUL

