__________________________________________________________________________

Mon Nov 25 14:57:36 CST 2019

Free Memory: 15913 kB
Total Memory: 23424 kB

4 Command Line Args:
0:  -f
1:  osi.properties
2:  -m
3:  SILENT

java.class.path:
    /tmp/install.dir.4275/InstallerData
    /tmp/install.dir.4275/InstallerData/installer.zip
    /usr/java/jdk1.7.0_79/jre/lib/ext
    /usr/java/jdk1.7.0_79/lib/tools.jar

ZGUtil.CLASS_PATH:
    /tmp/install.dir.4275/InstallerData
    /tmp/install.dir.4275/InstallerData/installer.zip
    /usr/java/jdk1.7.0_79/jre/lib/ext

sun.boot.class.path:
    /tmp/install.dir.4275/Linux/resource/jre/lib/resources.jar
    /tmp/install.dir.4275/Linux/resource/jre/lib/rt.jar
    /tmp/install.dir.4275/Linux/resource/jre/lib/sunrsasign.jar
    /tmp/install.dir.4275/Linux/resource/jre/lib/jsse.jar
    /tmp/install.dir.4275/Linux/resource/jre/lib/jce.jar
    /tmp/install.dir.4275/Linux/resource/jre/lib/charsets.jar
    /tmp/install.dir.4275/Linux/resource/jre/lib/jfr.jar
    /tmp/install.dir.4275/Linux/resource/jre/classes

java.ext.dirs:
    /tmp/install.dir.4275/Linux/resource/jre/lib/ext
    /usr/java/packages/lib/ext

java.version                  == 1.7.0_10 (Java 1)
java.vm.name                  == Java HotSpot(TM) 64-Bit Server VM
java.vm.vendor                == Oracle Corporation
java.vm.version               == 23.6-b04
java.vm.specification.name    == Java Virtual Machine Specification
java.vm.specification.vendor  == Oracle Corporation
java.vm.specification.version == 1.7
java.specification.name       == Java Platform API Specification
java.specification.vendor     == Oracle Corporation
java.specification.version    == 1.7
java.vendor                   == Oracle Corporation
java.vendor.url               == http://java.oracle.com/
java.class.version            == 51.0
java.compiler                 == null
java.home                     == /tmp/install.dir.4275/Linux/resource/jre
java.io.tmpdir                == /tmp
os.name                       == Linux
os.arch                       == amd64
os.version                    == 3.10.0-1062.4.1.el7.x86_64
path.separator                == :
file.separator                == /
file.encoding                 == UTF-8
user.name                     == oframe
user.home                     == /home/oframe
user.dir                      == /tmp/install.dir.4275
user.language                 == en
user.region                   == null
__________________________________________________________________________

Install Begin: Mon Nov 25 14:57:18 CST 2019
Install End: Mon Nov 25 14:57:35 CST 2019

Installed by InstallAnywhere 9.5 Enterprise Build 3532, by Macrovision


User Interactions
-----------------


Summary
-------

Installation: Successful.

227 Successes
0 Warnings
0 NonFatalErrors
0 FatalErrors

Action Notes:

None

Install Log Detail:

Install Action:           HostInfo
                          Status: SUCCESSFUL

Install Action:           CutHostName
                          Status: SUCCESSFUL

Install Action:           InstallAnywhere Variable
                          Status: SUCCESSFUL

Install Action:           InstallAnywhere Variable
                          Status: SUCCESSFUL

Install Action:           InstallAnywhere Variable
                          Status: SUCCESSFUL

Install Action:           InstallAnywhere Variable
                          Status: SUCCESSFUL

Install Action:           InstallAnywhere Variable
                          Status: SUCCESSFUL

Install Action:           InstallAnywhere Variables
                          Status: SUCCESSFUL

Install Action:           InstallAnywhere Variables
                          Status: SUCCESSFUL

Install Action:           InstallAnywhere Variable
                          Status: SUCCESSFUL

Install Action:           InstallAnywhere Variable
                          Status: SUCCESSFUL

Install Action:           InstallAnywhere Variable
                          Status: SUCCESSFUL

Execute Script/Batch file: COPYBOOK_DIR PATH
                          Status: SUCCESSFUL

Install Action:           ModifyString
                          Status: SUCCESSFUL

Install Action:           InstallAnywhere Variable
                          Status: SUCCESSFUL

Install Action:           InstallAnywhere Variable
                          Status: SUCCESSFUL

Install Action:           SetVariable
                          Status: SUCCESSFUL

Check Disk Space:         /opt/tmaxapp/OpenFrame
                          Status: SUCCESSFUL
                          Additional Notes: NOTE - Required Disk Space: 109,606,861; Free Disk Space: 40,370,716,672

Install Directory:        /opt/tmaxapp/OpenFrame/UninstallerData/OpenFrame_OSI7_1/jre
                          Status: SUCCESSFUL

Install JRE:              /opt/tmaxapp/OpenFrame/UninstallerData/OpenFrame_OSI7_1/jre
                          Status: SUCCESSFUL

Install Directory:        /opt/tmaxapp/OpenFrame/hidb/hidb_cpy/
                          Status: SUCCESSFUL
                          Additional Notes: NOTE - Directory already existed

Install File:             /opt/tmaxapp/OpenFrame/hidb/hidb_cpy/OIVPP003_1/DBSEG.cpy
                          Status: SUCCESSFUL

Install File:             /opt/tmaxapp/OpenFrame/hidb/hidb_cpy/OIVPIX1/ACCNTIDX.cpy
                          Status: SUCCESSFUL

Install File:             /opt/tmaxapp/OpenFrame/hidb/hidb_cpy/OIVPI003_0/DBSEG.cpy
                          Status: SUCCESSFUL

Install File:             /opt/tmaxapp/OpenFrame/hidb/hidb_cpy/OIVPI004_0/DBSEG.cpy
                          Status: SUCCESSFUL

Install File:             /opt/tmaxapp/OpenFrame/hidb/hidb_cpy/OIVPI005_0/DBSEG.cpy
                          Status: SUCCESSFUL

Install File:             /opt/tmaxapp/OpenFrame/hidb/hidb_cpy/OIVPIDBD/DBSEG.cpy
                          Status: SUCCESSFUL

Install File:             /opt/tmaxapp/OpenFrame/hidb/hidb_cpy/OIVPP003_0/DBSEG.cpy
                          Status: SUCCESSFUL

Install File:             /opt/tmaxapp/OpenFrame/hidb/hidb_cpy/OIVPP002_0/DBSEG.cpy
                          Status: SUCCESSFUL

Install File:             /opt/tmaxapp/OpenFrame/hidb/hidb_cpy/OIVPI003_1/DBSEG.cpy
                          Status: SUCCESSFUL

Install File:             /opt/tmaxapp/OpenFrame/hidb/hidb_cpy/OIVPP004_0/DBSEG.cpy
                          Status: SUCCESSFUL

Install File:             /opt/tmaxapp/OpenFrame/hidb/hidb_cpy/OIVPP005_0/DBSEG.cpy
                          Status: SUCCESSFUL

Install File:             /opt/tmaxapp/OpenFrame/hidb/hidb_cpy/OIVPI002_0/DBSEG.cpy
                          Status: SUCCESSFUL

Install File:             /opt/tmaxapp/OpenFrame/hidb/hidb_cpy/OIVPI007_0/DBSEG.cpy
                          Status: SUCCESSFUL

Install Directory:        /opt/tmaxapp/OpenFrame/
                          Status: SUCCESSFUL
                          Additional Notes: NOTE - Directory already existed

Install Directory:        /opt/tmaxapp/OpenFrame/UninstallerData/
                          Status: SUCCESSFUL
                          Additional Notes: NOTE - Directory already existed

Install Directory:        /opt/tmaxapp/OpenFrame/UninstallerData/OpenFrame_OSI7_1/
                          Status: SUCCESSFUL
                          Additional Notes: NOTE - Directory already existed

Install Uninstaller:      OpenFrame_OSI7_1 (Install All Uninstaller Components)
                          Status: SUCCESSFUL


Install File:             /opt/tmaxapp/OpenFrame/UninstallerData/OpenFrame_OSI7_1/Uninstall.lax
                          Status: SUCCESSFUL

Install Uninstaller:      OpenFrame_OSI7_1 (Install All Uninstaller Components)
                          Status: SUCCESSFUL

Install File:             /opt/tmaxapp/OpenFrame/UninstallerData/log/script_hidb.log
                          Status: SUCCESSFUL

Install File:             /opt/tmaxapp/OpenFrame/UninstallerData/log/script_base.log
                          Status: SUCCESSFUL

Install File:             /opt/tmaxapp/OpenFrame/UninstallerData/log/script_osc.log
                          Status: SUCCESSFUL

Install File:             /opt/tmaxapp/OpenFrame/UninstallerData/log/script_batch.log
                          Status: SUCCESSFUL

Install File:             /opt/tmaxapp/OpenFrame/UninstallerData/log/script_tacf.log
                          Status: SUCCESSFUL

Install File:             /opt/tmaxapp/OpenFrame/UninstallerData/log/script_osi.log
                          Status: SUCCESSFUL

Create Link:              /opt/tmaxapp/OpenFrame/UninstallerData/Uninstall_Osi
                          Status: SUCCESSFUL

Install Directory:        /opt/tmaxapp/OpenFrame/OpenFrame/
                          Status: SUCCESSFUL

Install Directory:        /opt/tmaxapp/OpenFrame/OpenFrame/config/
                          Status: SUCCESSFUL

Install File:             /opt/tmaxapp/OpenFrame/OpenFrame/config/osi.ofsys.seq
                          Status: SUCCESSFUL

Install File:             /opt/tmaxapp/OpenFrame/OpenFrame/config/osi.IMSA.conf
                          Status: SUCCESSFUL

Install File:             /opt/tmaxapp/OpenFrame/OpenFrame/config/osi.conf
                          Status: SUCCESSFUL

Install Directory:        /opt/tmaxapp/OpenFrame/OpenFrame/osi/
                          Status: SUCCESSFUL

Install File:             /opt/tmaxapp/OpenFrame/OpenFrame/osi/resource/data/osi_seclib_COBOL.dat
                          Status: SUCCESSFUL

Install File:             /opt/tmaxapp/OpenFrame/OpenFrame/osi/resource/data/osi_sdlib_OFPLI.dat
                          Status: SUCCESSFUL

Install File:             /opt/tmaxapp/OpenFrame/OpenFrame/osi/resource/data/beginvtam.dat
                          Status: SUCCESSFUL

Install File:             /opt/tmaxapp/OpenFrame/OpenFrame/osi/resource/data/osi_sdlib_COBOL.dat
                          Status: SUCCESSFUL

Install File:             /opt/tmaxapp/OpenFrame/OpenFrame/osi/resource/data/osi_seclib_OFPLI.dat
                          Status: SUCCESSFUL

Install File:             /opt/tmaxapp/OpenFrame/OpenFrame/osi/resource/mfs/DFHCESN.MFS
                          Status: SUCCESSFUL

Install File:             /opt/tmaxapp/OpenFrame/OpenFrame/osi/resource/mfs/OSILOGO.TXT
                          Status: SUCCESSFUL

Install File:             /opt/tmaxapp/OpenFrame/OpenFrame/osi/resource/mfs/DFSDF.TXT
                          Status: SUCCESSFUL

Install Directory:        /opt/tmaxapp/OpenFrame/OpenFrame/osi/oivp/
                          Status: SUCCESSFUL

Install File:             /opt/tmaxapp/OpenFrame/OpenFrame/osi/oivp/etc/osi_sdlib.dat
                          Status: SUCCESSFUL

Install File:             /opt/tmaxapp/OpenFrame/OpenFrame/osi/oivp/etc/osi_pli_sd.dat
                          Status: SUCCESSFUL

Install File:             /opt/tmaxapp/OpenFrame/OpenFrame/osi/oivp/etc/osi_ivp.sh
                          Status: SUCCESSFUL

Install File:             /opt/tmaxapp/OpenFrame/OpenFrame/osi/oivp/src/COBOL/OIVPI0LS.cob
                          Status: SUCCESSFUL

Install File:             /opt/tmaxapp/OpenFrame/OpenFrame/osi/oivp/src/COBOL/OIVPIXA0.sqb
                          Status: SUCCESSFUL

Install File:             /opt/tmaxapp/OpenFrame/OpenFrame/osi/oivp/src/COBOL/OIVPI004.cob
                          Status: SUCCESSFUL

Install File:             /opt/tmaxapp/OpenFrame/OpenFrame/osi/oivp/src/COBOL/OIVPIL03.cob
                          Status: SUCCESSFUL

Install File:             /opt/tmaxapp/OpenFrame/OpenFrame/osi/oivp/src/COBOL/OIVPI003.cob
                          Status: SUCCESSFUL

Install File:             /opt/tmaxapp/OpenFrame/OpenFrame/osi/oivp/src/COBOL/OIVPIL04.cob
                          Status: SUCCESSFUL

Install File:             /opt/tmaxapp/OpenFrame/OpenFrame/osi/oivp/src/COBOL/ocompopt
                          Status: SUCCESSFUL

Install File:             /opt/tmaxapp/OpenFrame/OpenFrame/osi/oivp/src/COBOL/OIVPI007.cob
                          Status: SUCCESSFUL

Install File:             /opt/tmaxapp/OpenFrame/OpenFrame/osi/oivp/src/COBOL/OIVPI001.cob
                          Status: SUCCESSFUL

Install File:             /opt/tmaxapp/OpenFrame/OpenFrame/osi/oivp/src/COBOL/OIVPIL02.cob
                          Status: SUCCESSFUL

Install File:             /opt/tmaxapp/OpenFrame/OpenFrame/osi/oivp/src/COBOL/OIVPIL05.cob
                          Status: SUCCESSFUL

Install File:             /opt/tmaxapp/OpenFrame/OpenFrame/osi/oivp/src/COBOL/OIVPI002.cob
                          Status: SUCCESSFUL

Install File:             /opt/tmaxapp/OpenFrame/OpenFrame/osi/oivp/src/COBOL/OIVPI005.cob
                          Status: SUCCESSFUL

Install File:             /opt/tmaxapp/OpenFrame/OpenFrame/osi/oivp/src/compile.sh
                          Status: SUCCESSFUL

Install File:             /opt/tmaxapp/OpenFrame/OpenFrame/osi/oivp/src/OFPLI/OIVPP002.pli
                          Status: SUCCESSFUL

Install File:             /opt/tmaxapp/OpenFrame/OpenFrame/osi/oivp/src/OFPLI/OIVPPL02.pli
                          Status: SUCCESSFUL

Install File:             /opt/tmaxapp/OpenFrame/OpenFrame/osi/oivp/src/OFPLI/OIVPPL03.pli
                          Status: SUCCESSFUL

Install File:             /opt/tmaxapp/OpenFrame/OpenFrame/osi/oivp/src/OFPLI/OIVPP003.pli
                          Status: SUCCESSFUL

Install File:             /opt/tmaxapp/OpenFrame/OpenFrame/osi/oivp/src/OFPLI/OIVPP005.pli
                          Status: SUCCESSFUL

Install File:             /opt/tmaxapp/OpenFrame/OpenFrame/osi/oivp/src/OFPLI/ocompopt
                          Status: SUCCESSFUL

Install File:             /opt/tmaxapp/OpenFrame/OpenFrame/osi/oivp/src/OFPLI/OIVPP004.pli
                          Status: SUCCESSFUL

Install File:             /opt/tmaxapp/OpenFrame/OpenFrame/osi/oivp/src/OFPLI/OIVPP001.pli
                          Status: SUCCESSFUL

Install File:             /opt/tmaxapp/OpenFrame/OpenFrame/osi/oivp/src/OFPLI/OIVPPL05.pli
                          Status: SUCCESSFUL

Install File:             /opt/tmaxapp/OpenFrame/OpenFrame/osi/oivp/src/OFPLI/OIVPPL04.pli
                          Status: SUCCESSFUL

Install File:             /opt/tmaxapp/OpenFrame/OpenFrame/osi/oivp/mda/OIVPIX1
                          Status: SUCCESSFUL

Install File:             /opt/tmaxapp/OpenFrame/OpenFrame/osi/oivp/mda/OIVPIDBD
                          Status: SUCCESSFUL

Install File:             /opt/tmaxapp/OpenFrame/OpenFrame/osi/oivp/dbd/OIVPIX1
                          Status: SUCCESSFUL

Install File:             /opt/tmaxapp/OpenFrame/OpenFrame/osi/oivp/dbd/OIVPIDBD
                          Status: SUCCESSFUL

Install File:             /opt/tmaxapp/OpenFrame/OpenFrame/osi/oivp/jcl/IMSABMP5
                          Status: SUCCESSFUL

Install File:             /opt/tmaxapp/OpenFrame/OpenFrame/osi/oivp/jcl/IMSABMP3
                          Status: SUCCESSFUL

Install File:             /opt/tmaxapp/OpenFrame/OpenFrame/osi/oivp/jcl/IMSABMP4
                          Status: SUCCESSFUL

Install File:             /opt/tmaxapp/OpenFrame/OpenFrame/osi/oivp/jcl/IMSACTL
                          Status: SUCCESSFUL

Install File:             /opt/tmaxapp/OpenFrame/OpenFrame/osi/oivp/jcl/IMSAMSG
                          Status: SUCCESSFUL

Install File:             /opt/tmaxapp/OpenFrame/OpenFrame/osi/oivp/jcl/IMSABMP2
                          Status: SUCCESSFUL

Install File:             /opt/tmaxapp/OpenFrame/OpenFrame/osi/oivp/mfs/COBOL/OIVP006.TXT
                          Status: SUCCESSFUL

Install File:             /opt/tmaxapp/OpenFrame/OpenFrame/osi/oivp/mfs/COBOL/OIVP007.TXT
                          Status: SUCCESSFUL

Install File:             /opt/tmaxapp/OpenFrame/OpenFrame/osi/oivp/mfs/COBOL/OIVP001.TXT
                          Status: SUCCESSFUL

Install File:             /opt/tmaxapp/OpenFrame/OpenFrame/osi/oivp/mfs/COBOL/OIVP005.TXT
                          Status: SUCCESSFUL

Install File:             /opt/tmaxapp/OpenFrame/OpenFrame/osi/oivp/mfs/COBOL/OIVP004.TXT
                          Status: SUCCESSFUL

Install File:             /opt/tmaxapp/OpenFrame/OpenFrame/osi/oivp/mfs/COBOL/OIVP015.TXT
                          Status: SUCCESSFUL

Install File:             /opt/tmaxapp/OpenFrame/OpenFrame/osi/oivp/mfs/COBOL/OIVP003.TXT
                          Status: SUCCESSFUL

Install File:             /opt/tmaxapp/OpenFrame/OpenFrame/osi/oivp/mfs/COBOL/OIVP002.TXT
                          Status: SUCCESSFUL

Install File:             /opt/tmaxapp/OpenFrame/OpenFrame/osi/oivp/mfs/COBOL/OIVP014.TXT
                          Status: SUCCESSFUL

Install File:             /opt/tmaxapp/OpenFrame/OpenFrame/osi/oivp/mfs/COBOL/OIVP024.TXT
                          Status: SUCCESSFUL

Install File:             /opt/tmaxapp/OpenFrame/OpenFrame/osi/oivp/mfs/OFPLI/OIVPP03.MFS
                          Status: SUCCESSFUL

Install File:             /opt/tmaxapp/OpenFrame/OpenFrame/osi/oivp/mfs/OFPLI/OIVPP04.MFS
                          Status: SUCCESSFUL

Install File:             /opt/tmaxapp/OpenFrame/OpenFrame/osi/oivp/mfs/OFPLI/OIVPP01.MFS
                          Status: SUCCESSFUL

Install File:             /opt/tmaxapp/OpenFrame/OpenFrame/osi/oivp/mfs/OFPLI/OIVPP05.MFS
                          Status: SUCCESSFUL

Install File:             /opt/tmaxapp/OpenFrame/OpenFrame/osi/oivp/mfs/OFPLI/OIVPP06.MFS
                          Status: SUCCESSFUL

Install File:             /opt/tmaxapp/OpenFrame/OpenFrame/osi/oivp/mfs/OFPLI/OIVPP24.MFS
                          Status: SUCCESSFUL

Install File:             /opt/tmaxapp/OpenFrame/OpenFrame/osi/oivp/mfs/OFPLI/OIVPP15.MFS
                          Status: SUCCESSFUL

Install File:             /opt/tmaxapp/OpenFrame/OpenFrame/osi/oivp/mfs/OFPLI/OIVPP02.MFS
                          Status: SUCCESSFUL

Install File:             /opt/tmaxapp/OpenFrame/OpenFrame/osi/oivp/mfs/OFPLI/OIVPP07.MFS
                          Status: SUCCESSFUL

Install File:             /opt/tmaxapp/OpenFrame/OpenFrame/osi/oivp/mfs/OFPLI/OIVPP14.MFS
                          Status: SUCCESSFUL

Install File:             /opt/tmaxapp/OpenFrame/OpenFrame/osi/oivp/psb/COBOL/OIVPI0LS
                          Status: SUCCESSFUL

Install File:             /opt/tmaxapp/OpenFrame/OpenFrame/osi/oivp/psb/COBOL/OIVPI002
                          Status: SUCCESSFUL

Install File:             /opt/tmaxapp/OpenFrame/OpenFrame/osi/oivp/psb/COBOL/OIVPIL05
                          Status: SUCCESSFUL

Install File:             /opt/tmaxapp/OpenFrame/OpenFrame/osi/oivp/psb/COBOL/OIVPI007
                          Status: SUCCESSFUL

Install File:             /opt/tmaxapp/OpenFrame/OpenFrame/osi/oivp/psb/COBOL/OIVPI003
                          Status: SUCCESSFUL

Install File:             /opt/tmaxapp/OpenFrame/OpenFrame/osi/oivp/psb/COBOL/OIVPIL02
                          Status: SUCCESSFUL

Install File:             /opt/tmaxapp/OpenFrame/OpenFrame/osi/oivp/psb/COBOL/OIVPI005
                          Status: SUCCESSFUL

Install File:             /opt/tmaxapp/OpenFrame/OpenFrame/osi/oivp/psb/COBOL/OIVPI001
                          Status: SUCCESSFUL

Install File:             /opt/tmaxapp/OpenFrame/OpenFrame/osi/oivp/psb/COBOL/OIVPIL03
                          Status: SUCCESSFUL

Install File:             /opt/tmaxapp/OpenFrame/OpenFrame/osi/oivp/psb/COBOL/OIVPIL04
                          Status: SUCCESSFUL

Install File:             /opt/tmaxapp/OpenFrame/OpenFrame/osi/oivp/psb/COBOL/OIVPI004
                          Status: SUCCESSFUL

Install File:             /opt/tmaxapp/OpenFrame/OpenFrame/osi/oivp/psb/COBOL/OIVPIXA0
                          Status: SUCCESSFUL

Install File:             /opt/tmaxapp/OpenFrame/OpenFrame/osi/oivp/psb/OFPLI/OIVPP005
                          Status: SUCCESSFUL

Install File:             /opt/tmaxapp/OpenFrame/OpenFrame/osi/oivp/psb/OFPLI/OIVPP004
                          Status: SUCCESSFUL

Install File:             /opt/tmaxapp/OpenFrame/OpenFrame/osi/oivp/psb/OFPLI/OIVPPL02
                          Status: SUCCESSFUL

Install File:             /opt/tmaxapp/OpenFrame/OpenFrame/osi/oivp/psb/OFPLI/OIVPP003
                          Status: SUCCESSFUL

Install File:             /opt/tmaxapp/OpenFrame/OpenFrame/osi/oivp/psb/OFPLI/OIVPPL03
                          Status: SUCCESSFUL

Install File:             /opt/tmaxapp/OpenFrame/OpenFrame/osi/oivp/psb/OFPLI/OIVPP002
                          Status: SUCCESSFUL

Install File:             /opt/tmaxapp/OpenFrame/OpenFrame/osi/oivp/psb/OFPLI/OIVPPL05
                          Status: SUCCESSFUL

Install File:             /opt/tmaxapp/OpenFrame/OpenFrame/osi/oivp/psb/OFPLI/OIVPPL04
                          Status: SUCCESSFUL

Install File:             /opt/tmaxapp/OpenFrame/OpenFrame/osi/oivp/psb/OFPLI/OIVPP001
                          Status: SUCCESSFUL

Install File:             /opt/tmaxapp/OpenFrame/OpenFrame/lib/libosimfs.so.64.7_1_0_138
                          Status: SUCCESSFUL

Install File:             /opt/tmaxapp/OpenFrame/OpenFrame/lib/libosicbltdli.so.64.7_1_0_47
                          Status: SUCCESSFUL

Install File:             /opt/tmaxapp/OpenFrame/OpenFrame/lib/libosici.so.64.7_1_0_12
                          Status: SUCCESSFUL

Install File:             /opt/tmaxapp/OpenFrame/OpenFrame/lib/libosisd.so.64.7_1_0_38
                          Status: SUCCESSFUL

Install File:             /opt/tmaxapp/OpenFrame/OpenFrame/lib/libosictrl.so.64.7_1_0_42
                          Status: SUCCESSFUL

Install File:             /opt/tmaxapp/OpenFrame/OpenFrame/lib/libosida.so.64.7_1_0_80
                          Status: SUCCESSFUL

Install File:             /opt/tmaxapp/OpenFrame/OpenFrame/lib/libosilog.so.64.7_1_0_15
                          Status: SUCCESSFUL

Install File:             /opt/tmaxapp/OpenFrame/OpenFrame/lib/libosisec.so.64.7_1_0_14
                          Status: SUCCESSFUL

Install File:             /opt/tmaxapp/OpenFrame/OpenFrame/lib/libositacf.so.64.7_1_0_5
                          Status: SUCCESSFUL

Install File:             /opt/tmaxapp/OpenFrame/OpenFrame/lib/libosimfd.so.64.7_1_0_20
                          Status: SUCCESSFUL

Install File:             /opt/tmaxapp/OpenFrame/OpenFrame/lib/libosivtam.so.64.7_1_0_25
                          Status: SUCCESSFUL

Install File:             /opt/tmaxapp/OpenFrame/OpenFrame/lib/libosirtsec.so.64.7_1_0_19
                          Status: SUCCESSFUL

Install File:             /opt/tmaxapp/OpenFrame/OpenFrame/lib/libosiplitdli.so.64.7_1_0_8
                          Status: SUCCESSFUL

Install File:             /opt/tmaxapp/OpenFrame/OpenFrame/lib/libosivtamds.so.64.7_1_0_14
                          Status: SUCCESSFUL

Install File:             /opt/tmaxapp/OpenFrame/OpenFrame/lib/libscs.so.64.7_1_0_3
                          Status: SUCCESSFUL

Install File:             /opt/tmaxapp/OpenFrame/OpenFrame/lib/libosimq.so.64.7_1_0_32
                          Status: SUCCESSFUL

Install File:             /opt/tmaxapp/OpenFrame/OpenFrame/lib/libosishm.so.64.7_1_0_19
                          Status: SUCCESSFUL

Install File:             /opt/tmaxapp/OpenFrame/OpenFrame/lib/libosires.so.64.7_1_0_38
                          Status: SUCCESSFUL

Install File:             /opt/tmaxapp/OpenFrame/OpenFrame/lib/libosidl.so.64.7_1_0_36
                          Status: SUCCESSFUL

Install File:             /opt/tmaxapp/OpenFrame/OpenFrame/lib/libosiconf.so.64.7_1_0_11
                          Status: SUCCESSFUL

Install File:             /opt/tmaxapp/OpenFrame/OpenFrame/lib/libosiddtab.so.64.7_1_0_4
                          Status: SUCCESSFUL

Install File:             /opt/tmaxapp/OpenFrame/OpenFrame/lib/libosisvr.so.64.7_1_0_61
                          Status: SUCCESSFUL

Install File:             /opt/tmaxapp/OpenFrame/OpenFrame/lib/libosirtsd.so.64.7_1_0_24
                          Status: SUCCESSFUL

Install File:             /opt/tmaxapp/OpenFrame/OpenFrame/lib/libosimod.so.64.7_1_0_10
                          Status: SUCCESSFUL

Install File:             /opt/tmaxapp/OpenFrame/OpenFrame/lib/libimscmd.so.64.7_1_0_86
                          Status: SUCCESSFUL

Install File:             /opt/tmaxapp/OpenFrame/OpenFrame/lib/libosibase.so.64.7_1_0_15
                          Status: SUCCESSFUL

Install File:             /opt/tmaxapp/OpenFrame/OpenFrame/lib/libosiclass.so.64.7_1_0_24
                          Status: SUCCESSFUL

Install File:             /opt/tmaxapp/OpenFrame/OpenFrame/lib/libosipsb.so.64.7_1_0_30
                          Status: SUCCESSFUL

Install File:             /opt/tmaxapp/OpenFrame/OpenFrame/lib/libosids.so.64.7_1_0_22
                          Status: SUCCESSFUL

Install File:             /opt/tmaxapp/OpenFrame/OpenFrame/lib/libosisvccall.so.64.7_1_0_18
                          Status: SUCCESSFUL

Install Directory:        /opt/tmaxapp/OpenFrame/OpenFrame/scripts/
                          Status: SUCCESSFUL

Install File:             /opt/tmaxapp/OpenFrame/OpenFrame/scripts/unlink_lib_osi.sh
                          Status: SUCCESSFUL

Install File:             /opt/tmaxapp/OpenFrame/OpenFrame/scripts/unist_osi_ivp.sh
                          Status: SUCCESSFUL

Install File:             /opt/tmaxapp/OpenFrame/OpenFrame/scripts/unist_osi_define.sh
                          Status: SUCCESSFUL

Install File:             /opt/tmaxapp/OpenFrame/OpenFrame/scripts/osi_ivp.sh
                          Status: SUCCESSFUL

Install File:             /opt/tmaxapp/OpenFrame/OpenFrame/scripts/osi_define.sh
                          Status: SUCCESSFUL

Install File:             /opt/tmaxapp/OpenFrame/OpenFrame/scripts/osi_boot.sh
                          Status: SUCCESSFUL

Install File:             /opt/tmaxapp/OpenFrame/OpenFrame/scripts/link_lib_osi.sh
                          Status: SUCCESSFUL

Install File:             /opt/tmaxapp/OpenFrame/OpenFrame/bin/osisddump
                          Status: SUCCESSFUL

Install File:             /opt/tmaxapp/OpenFrame/OpenFrame/bin/osiboot
                          Status: SUCCESSFUL

Install File:             /opt/tmaxapp/OpenFrame/OpenFrame/bin/osiver
                          Status: SUCCESSFUL

Install File:             /opt/tmaxapp/OpenFrame/OpenFrame/bin/osisdgen
                          Status: SUCCESSFUL

Install File:             /opt/tmaxapp/OpenFrame/OpenFrame/bin/dfsuocu0
                          Status: SUCCESSFUL

Install File:             /opt/tmaxapp/OpenFrame/OpenFrame/bin/osidown
                          Status: SUCCESSFUL

Install File:             /opt/tmaxapp/OpenFrame/OpenFrame/bin/osiluadm
                          Status: SUCCESSFUL

Install File:             /opt/tmaxapp/OpenFrame/OpenFrame/bin/imscmd
                          Status: SUCCESSFUL

Install File:             /opt/tmaxapp/OpenFrame/OpenFrame/bin/osivddump
                          Status: SUCCESSFUL

Install File:             /opt/tmaxapp/OpenFrame/OpenFrame/bin/osimfsgen
                          Status: SUCCESSFUL

Install File:             /opt/tmaxapp/OpenFrame/OpenFrame/bin/osirtmgr
                          Status: SUCCESSFUL

Install File:             /opt/tmaxapp/OpenFrame/OpenFrame/bin/osisecgen
                          Status: SUCCESSFUL

Install File:             /opt/tmaxapp/OpenFrame/OpenFrame/bin/osivdgen
                          Status: SUCCESSFUL

Install File:             /opt/tmaxapp/OpenFrame/OpenFrame/data/errcode_osix.msg
                          Status: SUCCESSFUL

Install Directory:        /opt/tmaxapp/OpenFrame/OpenFrame/core/
                          Status: SUCCESSFUL

Install Directory:        /opt/tmaxapp/OpenFrame/OpenFrame/core/config/
                          Status: SUCCESSFUL

Install File:             /opt/tmaxapp/OpenFrame/OpenFrame/core/config/oframe_osi.m
                          Status: SUCCESSFUL

Install File:             /opt/tmaxapp/OpenFrame/OpenFrame/core/appbin/osi3270gw
                          Status: SUCCESSFUL

Install File:             /opt/tmaxapp/OpenFrame/OpenFrame/core/appbin/osibmpsv
                          Status: SUCCESSFUL

Install File:             /opt/tmaxapp/OpenFrame/OpenFrame/core/appbin/osicmdsv
                          Status: SUCCESSFUL

Install File:             /opt/tmaxapp/OpenFrame/OpenFrame/core/appbin/OSIMPPSVR
                          Status: SUCCESSFUL

Install File:             /opt/tmaxapp/OpenFrame/OpenFrame/core/appbin/osisschd
                          Status: SUCCESSFUL

Move Folder:              Destination: /opt/tmaxapp/OpenFrame/
                          Status: SUCCESSFUL

Modify Text File - Multiple Files: No Target Chosen
                          Status: SUCCESSFUL

Modify Text File - Single File:   No Target Chosen
                          Status: SUCCESSFUL

Modify Text File - Single File:   No Target Chosen
                          Status: SUCCESSFUL

Modify Text File - Single File:   No Target Chosen
                          Status: SUCCESSFUL

Modify Text File - Single File:   No Target Chosen
                          Status: SUCCESSFUL

Modify Text File - Single File:   No Target Chosen
                          Status: SUCCESSFUL

Modify Text File - Single File:   No Target Chosen
                          Status: SUCCESSFUL

Modify Text File - Single File:   No Target Chosen
                          Status: SUCCESSFUL

Modify Text File - Single File:   No Target Chosen
                          Status: SUCCESSFUL

Modify Text File - Multiple Files: No Target Chosen
                          Status: SUCCESSFUL

Copy File:                Destination: /opt/tmaxapp/OpenFrame/license/licosi.dat
                          Status: SUCCESSFUL


Execute Script/Batch file: CHECK SHELL
                          Status: SUCCESSFUL



Execute Script/Batch file: CHECK PROFILE
                          Status: SUCCESSFUL

Modify Text File - Single File:   No Target Chosen
                          Status: SUCCESSFUL

Execute Script/Batch file: append oframe.m
                          Status: SUCCESSFUL

Execute Script/Batch file: Run link_lib_osi.sh
                          Status: SUCCESSFUL

Modify Text File - Single File:   No Target Chosen
                          Status: SUCCESSFUL

Execute Script/Batch file: Run OSI_Shell_Scripts
                          Status: SUCCESSFUL

Modify Text File - Single File:   No Target Chosen
                          Status: SUCCESSFUL

Modify Text File - Single File:   No Target Chosen
                          Status: SUCCESSFUL

Install Directory:        /home/oframe/OpenFrame/
                          Status: SUCCESSFUL


