__________________________________________________________________________

Thu Oct 17 14:55:20 CDT 2019

Free Memory: 28025 kB
Total Memory: 54272 kB

2 Command Line Args:
0:  -m
1:  CONSOLE

java.class.path:
    /tmp/install.dir.5279/InstallerData
    /tmp/install.dir.5279/InstallerData/installer.zip

ZGUtil.CLASS_PATH:
    /tmp/install.dir.5279/InstallerData
    /tmp/install.dir.5279/InstallerData/installer.zip

sun.boot.class.path:
    /usr/lib/jvm/java-1.8.0-openjdk-1.8.0.222.b10-1.el7_7.x86_64/jre/lib/resources.jar
    /usr/lib/jvm/java-1.8.0-openjdk-1.8.0.222.b10-1.el7_7.x86_64/jre/lib/rt.jar
    /usr/lib/jvm/java-1.8.0-openjdk-1.8.0.222.b10-1.el7_7.x86_64/jre/lib/sunrsasign.jar
    /usr/lib/jvm/java-1.8.0-openjdk-1.8.0.222.b10-1.el7_7.x86_64/jre/lib/jsse.jar
    /usr/lib/jvm/java-1.8.0-openjdk-1.8.0.222.b10-1.el7_7.x86_64/jre/lib/jce.jar
    /usr/lib/jvm/java-1.8.0-openjdk-1.8.0.222.b10-1.el7_7.x86_64/jre/lib/charsets.jar
    /usr/lib/jvm/java-1.8.0-openjdk-1.8.0.222.b10-1.el7_7.x86_64/jre/lib/jfr.jar
    /usr/lib/jvm/java-1.8.0-openjdk-1.8.0.222.b10-1.el7_7.x86_64/jre/classes

java.ext.dirs:
    /usr/lib/jvm/java-1.8.0-openjdk-1.8.0.222.b10-1.el7_7.x86_64/jre/lib/ext
    /usr/java/packages/lib/ext

java.version                  == 1.8.0_222 (Java 1)
java.vm.name                  == OpenJDK 64-Bit Server VM
java.vm.vendor                == Oracle Corporation
java.vm.version               == 25.222-b10
java.vm.specification.name    == Java Virtual Machine Specification
java.vm.specification.vendor  == Oracle Corporation
java.vm.specification.version == 1.8
java.specification.name       == Java Platform API Specification
java.specification.vendor     == Oracle Corporation
java.specification.version    == 1.8
java.vendor                   == Oracle Corporation
java.vendor.url               == http://java.oracle.com/
java.class.version            == 52.0
java.compiler                 == null
java.home                     == /usr/lib/jvm/java-1.8.0-openjdk-1.8.0.222.b10-1.el7_7.x86_64/jre
java.io.tmpdir                == /tmp
os.name                       == Linux
os.arch                       == amd64
os.version                    == 3.10.0-1062.1.2.el7.x86_64
path.separator                == :
file.separator                == /
file.encoding                 == UTF-8
user.name                     == oframe
user.home                     == /home/oframe
user.dir                      == /tmp/install.dir.5279
user.language                 == en
user.region                   == null
__________________________________________________________________________

Install Begin: Thu Oct 17 14:51:07 CDT 2019
Install End: Thu Oct 17 14:55:14 CDT 2019

Installed by InstallAnywhere 9.5 Enterprise Build 3532, by Macrovision


User Interactions
-----------------


#Choose Install Folder
#---------------------
USER_INSTALL_DIR=/opt/tmaxapp/protrieve

#Directory Check
#---------------
PROMPT_USER_CHOSEN_OPTION=0

Summary
-------

Installation: Successful.

35 Successes
0 Warnings
0 NonFatalErrors
0 FatalErrors

Action Notes:

None

Install Log Detail:

Install Action:           InstallAnywhere Variable
                          Status: SUCCESSFUL

Install Action:           InstallAnywhere Variables
                          Status: SUCCESSFUL

Install Action:           InstallAnywhere Variables
                          Status: SUCCESSFUL

Check Disk Space:         /opt/tmaxapp/protrieve
                          Status: SUCCESSFUL
                          Additional Notes: NOTE - Required Disk Space: 6,215,700; Free Disk Space: 41,308,950,528

Install Action:           Jump To: Next no platform -- Prev: NO JUMP
                          Status: SUCCESSFUL

Install Directory:        /opt/tmaxapp/protrieve/
                          Status: SUCCESSFUL
                          Additional Notes: NOTE - Directory already existed

Install Directory:        /opt/tmaxapp/protrieve/UninstallerData/
                          Status: SUCCESSFUL

Install Directory:        /opt/tmaxapp/protrieve/UninstallerData/ProTrieve/
                          Status: SUCCESSFUL

Install Uninstaller:      ProTrieve (Install All Uninstaller Components)
                          Status: SUCCESSFUL


Install File:             /opt/tmaxapp/protrieve/UninstallerData/ProTrieve/Uninstall_ProTrieve.lax
                          Status: SUCCESSFUL

Install Uninstaller:      ProTrieve (Install All Uninstaller Components)
                          Status: SUCCESSFUL

Install Directory:        /opt/tmaxapp/protrieve/UninstallerData/log/
                          Status: SUCCESSFUL

Create Link:              /opt/tmaxapp/protrieve/UninstallerData/Uninstall_ProTrieve
                          Status: SUCCESSFUL

Install Directory:        /opt/tmaxapp/protrieve/protrieve/
                          Status: SUCCESSFUL

Install File:             /opt/tmaxapp/protrieve/protrieve/config/PROTBL
                          Status: SUCCESSFUL

Install Directory:        /opt/tmaxapp/protrieve/protrieve/docs/
                          Status: SUCCESSFUL

Install File:             /opt/tmaxapp/protrieve/protrieve/docs/ProTrieve2.1_Developer-Guide_v2.1.1_jp.pdf
                          Status: SUCCESSFUL

Install File:             /opt/tmaxapp/protrieve/protrieve/docs/ProTrieve2.1_Developer-Guide_v2.1.1_kr.pdf
                          Status: SUCCESSFUL

Install File:             /opt/tmaxapp/protrieve/protrieve/samples/FILEA
                          Status: SUCCESSFUL

Install File:             /opt/tmaxapp/protrieve/protrieve/samples/PROTBL
                          Status: SUCCESSFUL

Install File:             /opt/tmaxapp/protrieve/protrieve/samples/REPORTFILE1
                          Status: SUCCESSFUL

Install File:             /opt/tmaxapp/protrieve/protrieve/samples/SAMPLEFILE
                          Status: SUCCESSFUL

Install File:             /opt/tmaxapp/protrieve/protrieve/samples/sample_array.ezt
                          Status: SUCCESSFUL

Install File:             /opt/tmaxapp/protrieve/protrieve/samples/sample_assign.ezt
                          Status: SUCCESSFUL

Install File:             /opt/tmaxapp/protrieve/protrieve/samples/sample_mask.ezt
                          Status: SUCCESSFUL

Install File:             /opt/tmaxapp/protrieve/protrieve/samples/sample_report.ezt
                          Status: SUCCESSFUL

Install Directory:        /opt/tmaxapp/protrieve/protrieve/bin/
                          Status: SUCCESSFUL

Install File:             /opt/tmaxapp/protrieve/protrieve/bin/protp
                          Status: SUCCESSFUL

Install File:             /opt/tmaxapp/protrieve/protrieve/lib/libezmf.so
                          Status: SUCCESSFUL

Move Folder:              Destination: /opt/tmaxapp/protrieve/
                          Status: SUCCESSFUL

Set Environment Variable: PROTRIEVE_HOME = /opt/tmaxapp/protrieve
                          Status: SUCCESSFUL

Set Environment Variable: PATH = /opt/tmaxapp/protrieve/bin
                          Status: SUCCESSFUL

Set Environment Variable: LD_LIBRARY_PATH = /opt/tmaxapp/protrieve/lib
                          Status: SUCCESSFUL


